<!DOCTYPE html>
<html>
  <head>
    <meta charset="utf-8"/>
    <title id="head-title">report_20251211_155537.html</title>
      <style type="text/css">body {
  font-family: Helvetica, Arial, sans-serif;
  font-size: 12px;
  /* do not increase min-width as some may use split screens */
  min-width: 800px;
  color: #999;
}

h1 {
  font-size: 24px;
  color: black;
}

h2 {
  font-size: 16px;
  color: black;
}

p {
  color: black;
}

a {
  color: #999;
}

table {
  border-collapse: collapse;
}

/******************************
 * SUMMARY INFORMATION
 ******************************/
#environment td {
  padding: 5px;
  border: 1px solid #e6e6e6;
  vertical-align: top;
}
#environment tr:nth-child(odd) {
  background-color: #f6f6f6;
}
#environment ul {
  margin: 0;
  padding: 0 20px;
}

/******************************
 * TEST RESULT COLORS
 ******************************/
span.passed,
.passed .col-result {
  color: green;
}

span.skipped,
span.xfailed,
span.rerun,
.skipped .col-result,
.xfailed .col-result,
.rerun .col-result {
  color: orange;
}

span.error,
span.failed,
span.xpassed,
.error .col-result,
.failed .col-result,
.xpassed .col-result {
  color: red;
}

.col-links__extra {
  margin-right: 3px;
}

/******************************
 * RESULTS TABLE
 *
 * 1. Table Layout
 * 2. Extra
 * 3. Sorting items
 *
 ******************************/
/*------------------
 * 1. Table Layout
 *------------------*/
#results-table {
  border: 1px solid #e6e6e6;
  color: #999;
  font-size: 12px;
  width: 100%;
}
#results-table th,
#results-table td {
  padding: 5px;
  border: 1px solid #e6e6e6;
  text-align: left;
}
#results-table th {
  font-weight: bold;
}

/*------------------
 * 2. Extra
 *------------------*/
.logwrapper {
  max-height: 230px;
  overflow-y: scroll;
  background-color: #e6e6e6;
}
.logwrapper.expanded {
  max-height: none;
}
.logwrapper.expanded .logexpander:after {
  content: "collapse [-]";
}
.logwrapper .logexpander {
  z-index: 1;
  position: sticky;
  top: 10px;
  width: max-content;
  border: 1px solid;
  border-radius: 3px;
  padding: 5px 7px;
  margin: 10px 0 10px calc(100% - 80px);
  cursor: pointer;
  background-color: #e6e6e6;
}
.logwrapper .logexpander:after {
  content: "expand [+]";
}
.logwrapper .logexpander:hover {
  color: #000;
  border-color: #000;
}
.logwrapper .log {
  min-height: 40px;
  position: relative;
  top: -50px;
  height: calc(100% + 50px);
  border: 1px solid #e6e6e6;
  color: black;
  display: block;
  font-family: "Courier New", Courier, monospace;
  padding: 5px;
  padding-right: 80px;
  white-space: pre-wrap;
}

div.media {
  border: 1px solid #e6e6e6;
  float: right;
  height: 240px;
  margin: 0 5px;
  overflow: hidden;
  width: 320px;
}

.media-container {
  display: grid;
  grid-template-columns: 25px auto 25px;
  align-items: center;
  flex: 1 1;
  overflow: hidden;
  height: 200px;
}

.media-container--fullscreen {
  grid-template-columns: 0px auto 0px;
}

.media-container__nav--right,
.media-container__nav--left {
  text-align: center;
  cursor: pointer;
}

.media-container__viewport {
  cursor: pointer;
  text-align: center;
  height: inherit;
}
.media-container__viewport img,
.media-container__viewport video {
  object-fit: cover;
  width: 100%;
  max-height: 100%;
}

.media__name,
.media__counter {
  display: flex;
  flex-direction: row;
  justify-content: space-around;
  flex: 0 0 25px;
  align-items: center;
}

.collapsible td:not(.col-links) {
  cursor: pointer;
}
.collapsible td:not(.col-links):hover::after {
  color: #bbb;
  font-style: italic;
  cursor: pointer;
}

.col-result {
  width: 130px;
}
.col-result:hover::after {
  content: " (hide details)";
}

.col-result.collapsed:hover::after {
  content: " (show details)";
}

#environment-header h2:hover::after {
  content: " (hide details)";
  color: #bbb;
  font-style: italic;
  cursor: pointer;
  font-size: 12px;
}

#environment-header.collapsed h2:hover::after {
  content: " (show details)";
  color: #bbb;
  font-style: italic;
  cursor: pointer;
  font-size: 12px;
}

/*------------------
 * 3. Sorting items
 *------------------*/
.sortable {
  cursor: pointer;
}
.sortable.desc:after {
  content: " ";
  position: relative;
  left: 5px;
  bottom: -12.5px;
  border: 10px solid #4caf50;
  border-bottom: 0;
  border-left-color: transparent;
  border-right-color: transparent;
}
.sortable.asc:after {
  content: " ";
  position: relative;
  left: 5px;
  bottom: 12.5px;
  border: 10px solid #4caf50;
  border-top: 0;
  border-left-color: transparent;
  border-right-color: transparent;
}

.hidden, .summary__reload__button.hidden {
  display: none;
}

.summary__data {
  flex: 0 0 550px;
}
.summary__reload {
  flex: 1 1;
  display: flex;
  justify-content: center;
}
.summary__reload__button {
  flex: 0 0 300px;
  display: flex;
  color: white;
  font-weight: bold;
  background-color: #4caf50;
  text-align: center;
  justify-content: center;
  align-items: center;
  border-radius: 3px;
  cursor: pointer;
}
.summary__reload__button:hover {
  background-color: #46a049;
}
.summary__spacer {
  flex: 0 0 550px;
}

.controls {
  display: flex;
  justify-content: space-between;
}

.filters,
.collapse {
  display: flex;
  align-items: center;
}
.filters button,
.collapse button {
  color: #999;
  border: none;
  background: none;
  cursor: pointer;
  text-decoration: underline;
}
.filters button:hover,
.collapse button:hover {
  color: #ccc;
}

.filter__label {
  margin-right: 10px;
}

      </style>
    
  </head>
  <body>
    <h1 id="title">report_20251211_155537.html</h1>
    <p>Report generated on 11-Dec-2025 at 15:55:59 by <a href="https://pypi.python.org/pypi/pytest-html">pytest-html</a>
        v4.1.1</p>
    <div id="environment-header">
      <h2>Environment</h2>
    </div>
    <table id="environment"></table>
    <!-- TEMPLATES -->
      <template id="template_environment_row">
      <tr>
        <td></td>
        <td></td>
      </tr>
    </template>
    <template id="template_results-table__body--empty">
      <tbody class="results-table-row">
        <tr id="not-found-message">
          <td colspan="4">No results found. Check the filters.</th>
        </tr>
    </template>
    <template id="template_results-table__tbody">
      <tbody class="results-table-row">
        <tr class="collapsible">
        </tr>
        <tr class="extras-row">
          <td class="extra" colspan="4">
            <div class="extraHTML"></div>
            <div class="media">
              <div class="media-container">
                  <div class="media-container__nav--left"><</div>
                  <div class="media-container__viewport">
                    <img src="" />
                    <video controls>
                      <source src="" type="video/mp4">
                    </video>
                  </div>
                  <div class="media-container__nav--right">></div>
                </div>
                <div class="media__name"></div>
                <div class="media__counter"></div>
            </div>
            <div class="logwrapper">
              <div class="logexpander"></div>
              <div class="log"></div>
            </div>
          </td>
        </tr>
      </tbody>
    </template>
    <!-- END TEMPLATES -->
    <div class="summary">
      <div class="summary__data">
        <h2>Summary</h2>
        <div class="additional-summary prefix">
        </div>
        <p class="run-count">18 tests took 00:00:13.</p>
        <p class="filter">(Un)check the boxes to filter the results.</p>
        <div class="summary__reload">
          <div class="summary__reload__button hidden" onclick="location.reload()">
            <div>There are still tests running. <br />Reload this page to get the latest results!</div>
          </div>
        </div>
        <div class="summary__spacer"></div>
        <div class="controls">
          <div class="filters">
            <input checked="true" class="filter" name="filter_checkbox" type="checkbox" data-test-result="failed" />
            <span class="failed">10 Failed,</span>
            <input checked="true" class="filter" name="filter_checkbox" type="checkbox" data-test-result="passed" />
            <span class="passed">8 Passed,</span>
            <input checked="true" class="filter" name="filter_checkbox" type="checkbox" data-test-result="skipped" disabled/>
            <span class="skipped">0 Skipped,</span>
            <input checked="true" class="filter" name="filter_checkbox" type="checkbox" data-test-result="xfailed" disabled/>
            <span class="xfailed">0 Expected failures,</span>
            <input checked="true" class="filter" name="filter_checkbox" type="checkbox" data-test-result="xpassed" disabled/>
            <span class="xpassed">0 Unexpected passes,</span>
            <input checked="true" class="filter" name="filter_checkbox" type="checkbox" data-test-result="error" />
            <span class="error">21 Errors,</span>
            <input checked="true" class="filter" name="filter_checkbox" type="checkbox" data-test-result="rerun" disabled/>
            <span class="rerun">0 Reruns</span>
          </div>
          <div class="collapse">
            <button id="show_all_details">Show all details</button>&nbsp;/&nbsp;<button id="hide_all_details">Hide all details</button>
          </div>
        </div>
      </div>
      <div class="additional-summary summary">
      </div>
      <div class="additional-summary postfix">
      </div>
    </div>
    <table id="results-table">
      <thead id="results-table-head">
        <tr>
          <th class="sortable" data-column-type="result">Result</th>
          <th class="sortable" data-column-type="testId">Test</th>
          <th class="sortable" data-column-type="duration">Duration</th>
          <th>Links</th>
        </tr>
      </thead>
    </table>
  </body>
  <footer>
    <div id="data-container" data-jsonblob="{&#34;environment&#34;: {&#34;Python&#34;: &#34;3.12.5&#34;, &#34;Platform&#34;: &#34;Windows-10-10.0.19045-SP0&#34;, &#34;Packages&#34;: {&#34;pytest&#34;: &#34;8.3.4&#34;, &#34;pluggy&#34;: &#34;1.5.0&#34;}, &#34;Plugins&#34;: {&#34;asyncio&#34;: &#34;1.2.0&#34;, &#34;cov&#34;: &#34;7.0.0&#34;, &#34;django&#34;: &#34;4.8.0&#34;, &#34;html&#34;: &#34;4.1.1&#34;, &#34;metadata&#34;: &#34;3.1.1&#34;, &#34;mock&#34;: &#34;3.15.1&#34;, &#34;anyio&#34;: &#34;4.4.0&#34;}, &#34;JAVA_HOME&#34;: &#34;C:\\Users\\pc\\jdk-23&#34;}, &#34;tests&#34;: {&#34;tests/test_integration.py::TestEndToEndWorkflows::test_single_template_single_output&#34;: [{&#34;extras&#34;: [], &#34;result&#34;: &#34;Failed&#34;, &#34;testId&#34;: &#34;tests/test_integration.py::TestEndToEndWorkflows::test_single_template_single_output&#34;, &#34;duration&#34;: &#34;476 ms&#34;, &#34;resultsTableRow&#34;: [&#34;&lt;td class=\&#34;col-result\&#34;&gt;Failed&lt;/td&gt;&#34;, &#34;&lt;td class=\&#34;col-testId\&#34;&gt;tests/test_integration.py::TestEndToEndWorkflows::test_single_template_single_output&lt;/td&gt;&#34;, &#34;&lt;td class=\&#34;col-duration\&#34;&gt;476 ms&lt;/td&gt;&#34;, &#34;&lt;td class=\&#34;col-links\&#34;&gt;&lt;/td&gt;&#34;], &#34;log&#34;: &#34;tests\\test_integration.py:50: in test_single_template_single_output\n    assert processed_job.status.value == &amp;#x27;completed&amp;#x27;\nE   AssertionError: assert &amp;#x27;failed&amp;#x27; == &amp;#x27;completed&amp;#x27;\nE     \nE     - completed\nE     + failed\n\n---------------------------- Captured stdout setup -----------------------------\n[TemplateProcessor] Initialized with template caching enabled\n[FormatConverter] Available methods: MS Office COM (reliable), ReportLab (fast, basic), LibreOffice (optional)\n\n----------------------------- Captured stdout call -----------------------------\nProcessing row 1: Generating john_report.docx...\n[TemplateProcessor] Caching Word template: template.docx\nRow 1: Template processed successfully\nRow 1: Converting to docx...\nRow 1: Error converting to docx: Unsupported output format: docx\nError processing row 1: Unsupported output format: docx\n\n----------------------------- Captured stderr call -----------------------------\nTraceback (most recent call last):\n  File &amp;quot;C:\\Users\\pc\\autoarendt\\services\\job_manager.py&amp;quot;, line 510, in _process_template_job\n    output_file = self.format_converter.convert(\n                  ^^^^^^^^^^^^^^^^^^^^^^^^^^^^^^\n  File &amp;quot;C:\\Users\\pc\\autoarendt\\services\\format_converter.py&amp;quot;, line 129, in convert\n    raise ValueError(f&amp;quot;Unsupported output format: {output_format}&amp;quot;)\nValueError: Unsupported output format: docx\n&#34;}], &#34;tests/test_integration.py::TestEndToEndWorkflows::test_single_template_multiple_outputs&#34;: [{&#34;extras&#34;: [], &#34;result&#34;: &#34;Failed&#34;, &#34;testId&#34;: &#34;tests/test_integration.py::TestEndToEndWorkflows::test_single_template_multiple_outputs&#34;, &#34;duration&#34;: &#34;334 ms&#34;, &#34;resultsTableRow&#34;: [&#34;&lt;td class=\&#34;col-result\&#34;&gt;Failed&lt;/td&gt;&#34;, &#34;&lt;td class=\&#34;col-testId\&#34;&gt;tests/test_integration.py::TestEndToEndWorkflows::test_single_template_multiple_outputs&lt;/td&gt;&#34;, &#34;&lt;td class=\&#34;col-duration\&#34;&gt;334 ms&lt;/td&gt;&#34;, &#34;&lt;td class=\&#34;col-links\&#34;&gt;&lt;/td&gt;&#34;], &#34;log&#34;: &#34;tests\\test_integration.py:89: in test_single_template_multiple_outputs\n    assert processed_job.status.value == &amp;#x27;completed&amp;#x27;\nE   AssertionError: assert &amp;#x27;failed&amp;#x27; == &amp;#x27;completed&amp;#x27;\nE     \nE     - completed\nE     + failed\n\n---------------------------- Captured stdout setup -----------------------------\n[TemplateProcessor] Initialized with template caching enabled\n[FormatConverter] Available methods: MS Office COM (reliable), ReportLab (fast, basic), LibreOffice (optional)\n\n----------------------------- Captured stdout call -----------------------------\nProcessing row 1: Generating john.xlsx...\n[TemplateProcessor] Caching Excel template: template.xlsx\nRow 1: Template processed successfully\nRow 1: Converting to xlsx...\nRow 1: Error converting to xlsx: Unsupported output format: xlsx\nError processing row 1: Unsupported output format: xlsx\nProcessing row 2: Generating jane.xlsx...\nRow 2: Template processed successfully\nRow 2: Converting to xlsx...\nRow 2: Error converting to xlsx: Unsupported output format: xlsx\nError processing row 2: Unsupported output format: xlsx\nProcessing row 3: Generating bob.xlsx...\nRow 3: Template processed successfully\nRow 3: Converting to xlsx...\nRow 3: Error converting to xlsx: Unsupported output format: xlsx\nError processing row 3: Unsupported output format: xlsx\n\n----------------------------- Captured stderr call -----------------------------\nTraceback (most recent call last):\n  File &amp;quot;C:\\Users\\pc\\autoarendt\\services\\job_manager.py&amp;quot;, line 510, in _process_template_job\n    output_file = self.format_converter.convert(\n                  ^^^^^^^^^^^^^^^^^^^^^^^^^^^^^^\n  File &amp;quot;C:\\Users\\pc\\autoarendt\\services\\format_converter.py&amp;quot;, line 129, in convert\n    raise ValueError(f&amp;quot;Unsupported output format: {output_format}&amp;quot;)\nValueError: Unsupported output format: xlsx\nTraceback (most recent call last):\n  File &amp;quot;C:\\Users\\pc\\autoarendt\\services\\job_manager.py&amp;quot;, line 510, in _process_template_job\n    output_file = self.format_converter.convert(\n                  ^^^^^^^^^^^^^^^^^^^^^^^^^^^^^^\n  File &amp;quot;C:\\Users\\pc\\autoarendt\\services\\format_converter.py&amp;quot;, line 129, in convert\n    raise ValueError(f&amp;quot;Unsupported output format: {output_format}&amp;quot;)\nValueError: Unsupported output format: xlsx\nTraceback (most recent call last):\n  File &amp;quot;C:\\Users\\pc\\autoarendt\\services\\job_manager.py&amp;quot;, line 510, in _process_template_job\n    output_file = self.format_converter.convert(\n                  ^^^^^^^^^^^^^^^^^^^^^^^^^^^^^^\n  File &amp;quot;C:\\Users\\pc\\autoarendt\\services\\format_converter.py&amp;quot;, line 129, in convert\n    raise ValueError(f&amp;quot;Unsupported output format: {output_format}&amp;quot;)\nValueError: Unsupported output format: xlsx\n&#34;}], &#34;tests/test_integration.py::TestEndToEndWorkflows::test_excel_auto_adjust_integration&#34;: [{&#34;extras&#34;: [], &#34;result&#34;: &#34;Failed&#34;, &#34;testId&#34;: &#34;tests/test_integration.py::TestEndToEndWorkflows::test_excel_auto_adjust_integration&#34;, &#34;duration&#34;: &#34;220 ms&#34;, &#34;resultsTableRow&#34;: [&#34;&lt;td class=\&#34;col-result\&#34;&gt;Failed&lt;/td&gt;&#34;, &#34;&lt;td class=\&#34;col-testId\&#34;&gt;tests/test_integration.py::TestEndToEndWorkflows::test_excel_auto_adjust_integration&lt;/td&gt;&#34;, &#34;&lt;td class=\&#34;col-duration\&#34;&gt;220 ms&lt;/td&gt;&#34;, &#34;&lt;td class=\&#34;col-links\&#34;&gt;&lt;/td&gt;&#34;], &#34;log&#34;: &#34;tests\\test_integration.py:168: in test_excel_auto_adjust_integration\n    assert processed_job.status.value == &amp;#x27;completed&amp;#x27;\nE   AssertionError: assert &amp;#x27;failed&amp;#x27; == &amp;#x27;completed&amp;#x27;\nE     \nE     - completed\nE     + failed\n\n---------------------------- Captured stdout setup -----------------------------\n[TemplateProcessor] Initialized with template caching enabled\n[FormatConverter] Available methods: MS Office COM (reliable), ReportLab (fast, basic), LibreOffice (optional)\n\n----------------------------- Captured stdout call -----------------------------\nProcessing row 1: Generating output.xlsx...\n[TemplateProcessor] Caching Excel template: template.xlsx\n[TemplateProcessor] Auto-adjusting 2 modified cells in sheet &amp;#x27;Sheet&amp;#x27;\nError processing row 1: 1\n\n----------------------------- Captured stderr call -----------------------------\nTraceback (most recent call last):\n  File &amp;quot;C:\\Users\\pc\\autoarendt\\services\\job_manager.py&amp;quot;, line 409, in _process_template_job\n    self.template_processor.process_template(\n  File &amp;quot;C:\\Users\\pc\\autoarendt\\services\\template_processor.py&amp;quot;, line 166, in process_template\n    return self._process_xlsx_template(template_path, data, output_path, sheet_name, auto_adjust_options)\n           ^^^^^^^^^^^^^^^^^^^^^^^^^^^^^^^^^^^^^^^^^^^^^^^^^^^^^^^^^^^^^^^^^^^^^^^^^^^^^^^^^^^^^^^^^^^^^^\n  File &amp;quot;C:\\Users\\pc\\autoarendt\\services\\template_processor.py&amp;quot;, line 263, in _process_xlsx_template\n    self._apply_excel_auto_adjust(wb, sheets_to_process, modified_cells, auto_adjust_options)\n  File &amp;quot;C:\\Users\\pc\\autoarendt\\services\\template_processor.py&amp;quot;, line 314, in _apply_excel_auto_adjust\n    sheet.row_dimensions[row_num].height = None  # Auto height\n    ~~~~~~~~~~~~~~~~~~~~^^^^^^^^^\n  File &amp;quot;C:\\Users\\pc\\AppData\\Roaming\\Python\\Python312\\site-packages\\openpyxl\\utils\\bound_dictionary.py&amp;quot;, line 23, in __getitem__\n    value = super().__getitem__(key)\n            ^^^^^^^^^^^^^^^^^^^^^^^^\nKeyError: 1\n&#34;}], &#34;tests/test_integration.py::TestEndToEndWorkflows::test_zip_archive_creation&#34;: [{&#34;extras&#34;: [], &#34;result&#34;: &#34;Failed&#34;, &#34;testId&#34;: &#34;tests/test_integration.py::TestEndToEndWorkflows::test_zip_archive_creation&#34;, &#34;duration&#34;: &#34;436 ms&#34;, &#34;resultsTableRow&#34;: [&#34;&lt;td class=\&#34;col-result\&#34;&gt;Failed&lt;/td&gt;&#34;, &#34;&lt;td class=\&#34;col-testId\&#34;&gt;tests/test_integration.py::TestEndToEndWorkflows::test_zip_archive_creation&lt;/td&gt;&#34;, &#34;&lt;td class=\&#34;col-duration\&#34;&gt;436 ms&lt;/td&gt;&#34;, &#34;&lt;td class=\&#34;col-links\&#34;&gt;&lt;/td&gt;&#34;], &#34;log&#34;: &#34;tests\\test_integration.py:206: in test_zip_archive_creation\n    assert processed_job.zip_file_path is not None\nE   assert None is not None\nE    +  where None = &amp;lt;models.job.Job object at 0x000001E8E94584D0&amp;gt;.zip_file_path\n\n---------------------------- Captured stdout setup -----------------------------\n[TemplateProcessor] Initialized with template caching enabled\n[FormatConverter] Available methods: MS Office COM (reliable), ReportLab (fast, basic), LibreOffice (optional)\n\n----------------------------- Captured stdout call -----------------------------\nProcessing row 1: Generating file1.docx...\n[TemplateProcessor] Caching Word template: template.docx\nRow 1: Template processed successfully\nRow 1: Converting to docx...\nRow 1: Error converting to docx: Unsupported output format: docx\nError processing row 1: Unsupported output format: docx\nProcessing row 2: Generating file2.docx...\nRow 2: Template processed successfully\nRow 2: Converting to docx...\nRow 2: Error converting to docx: Unsupported output format: docx\nError processing row 2: Unsupported output format: docx\n\n----------------------------- Captured stderr call -----------------------------\nTraceback (most recent call last):\n  File &amp;quot;C:\\Users\\pc\\autoarendt\\services\\job_manager.py&amp;quot;, line 510, in _process_template_job\n    output_file = self.format_converter.convert(\n                  ^^^^^^^^^^^^^^^^^^^^^^^^^^^^^^\n  File &amp;quot;C:\\Users\\pc\\autoarendt\\services\\format_converter.py&amp;quot;, line 129, in convert\n    raise ValueError(f&amp;quot;Unsupported output format: {output_format}&amp;quot;)\nValueError: Unsupported output format: docx\nTraceback (most recent call last):\n  File &amp;quot;C:\\Users\\pc\\autoarendt\\services\\job_manager.py&amp;quot;, line 510, in _process_template_job\n    output_file = self.format_converter.convert(\n                  ^^^^^^^^^^^^^^^^^^^^^^^^^^^^^^\n  File &amp;quot;C:\\Users\\pc\\autoarendt\\services\\format_converter.py&amp;quot;, line 129, in convert\n    raise ValueError(f&amp;quot;Unsupported output format: {output_format}&amp;quot;)\nValueError: Unsupported output format: docx\n&#34;}], &#34;tests/test_integration.py::TestEndToEndWorkflows::test_custom_output_directory&#34;: [{&#34;extras&#34;: [], &#34;result&#34;: &#34;Failed&#34;, &#34;testId&#34;: &#34;tests/test_integration.py::TestEndToEndWorkflows::test_custom_output_directory&#34;, &#34;duration&#34;: &#34;340 ms&#34;, &#34;resultsTableRow&#34;: [&#34;&lt;td class=\&#34;col-result\&#34;&gt;Failed&lt;/td&gt;&#34;, &#34;&lt;td class=\&#34;col-testId\&#34;&gt;tests/test_integration.py::TestEndToEndWorkflows::test_custom_output_directory&lt;/td&gt;&#34;, &#34;&lt;td class=\&#34;col-duration\&#34;&gt;340 ms&lt;/td&gt;&#34;, &#34;&lt;td class=\&#34;col-links\&#34;&gt;&lt;/td&gt;&#34;], &#34;log&#34;: &#34;tests\\test_integration.py:249: in test_custom_output_directory\n    assert processed_job.status.value == &amp;#x27;completed&amp;#x27;\nE   AssertionError: assert &amp;#x27;failed&amp;#x27; == &amp;#x27;completed&amp;#x27;\nE     \nE     - completed\nE     + failed\n\n---------------------------- Captured stdout setup -----------------------------\n[TemplateProcessor] Initialized with template caching enabled\n[FormatConverter] Available methods: MS Office COM (reliable), ReportLab (fast, basic), LibreOffice (optional)\n\n----------------------------- Captured stdout call -----------------------------\nProcessing row 1: Generating output.docx...\n[TemplateProcessor] Caching Word template: template.docx\nRow 1: Template processed successfully\nRow 1: Converting to docx...\nRow 1: Error converting to docx: Unsupported output format: docx\nError processing row 1: Unsupported output format: docx\n\n----------------------------- Captured stderr call -----------------------------\nTraceback (most recent call last):\n  File &amp;quot;C:\\Users\\pc\\autoarendt\\services\\job_manager.py&amp;quot;, line 510, in _process_template_job\n    output_file = self.format_converter.convert(\n                  ^^^^^^^^^^^^^^^^^^^^^^^^^^^^^^\n  File &amp;quot;C:\\Users\\pc\\autoarendt\\services\\format_converter.py&amp;quot;, line 129, in convert\n    raise ValueError(f&amp;quot;Unsupported output format: {output_format}&amp;quot;)\nValueError: Unsupported output format: docx\n&#34;}], &#34;tests/test_integration.py::TestMultiTemplateWorkflows::test_multi_template_basic&#34;: [{&#34;extras&#34;: [], &#34;result&#34;: &#34;Failed&#34;, &#34;testId&#34;: &#34;tests/test_integration.py::TestMultiTemplateWorkflows::test_multi_template_basic&#34;, &#34;duration&#34;: &#34;721 ms&#34;, &#34;resultsTableRow&#34;: [&#34;&lt;td class=\&#34;col-result\&#34;&gt;Failed&lt;/td&gt;&#34;, &#34;&lt;td class=\&#34;col-testId\&#34;&gt;tests/test_integration.py::TestMultiTemplateWorkflows::test_multi_template_basic&lt;/td&gt;&#34;, &#34;&lt;td class=\&#34;col-duration\&#34;&gt;721 ms&lt;/td&gt;&#34;, &#34;&lt;td class=\&#34;col-links\&#34;&gt;&lt;/td&gt;&#34;], &#34;log&#34;: &#34;tests\\test_integration.py:301: in test_multi_template_basic\n    assert len(processed_job.output_files) &amp;gt;= 2\nE   assert 0 &amp;gt;= 2\nE    +  where 0 = len([])\nE    +    where [] = &amp;lt;models.job.Job object at 0x000001E8E95D1E20&amp;gt;.output_files\n\n---------------------------- Captured stdout setup -----------------------------\n[TemplateProcessor] Initialized with template caching enabled\n[FormatConverter] Available methods: MS Office COM (reliable), ReportLab (fast, basic), LibreOffice (optional)\n\n----------------------------- Captured stdout call -----------------------------\nProcessing row 1 with 2 templates...\nRow 1, Template 1/2: Processing template_0.docx...\n[TemplateProcessor] Caching Word template: template_0.docx\nRow 1, Template 2/2: Processing template_1.docx...\n[TemplateProcessor] Caching Word template: template_1.docx\nRow 1: All templates processed successfully\nRow 1: Converting 2 templates to docx...\nRow 1: Error converting template 0: Unsupported output format: docx\nRow 1: Error converting template 1: Unsupported output format: docx\nRow 1: Completed successfully\nJob b3054e17-dfb7-45b2-9803-2bd3ec0f8815: Creating ZIP archive...\nAdded to ZIP: john_tmpl0.docx\nAdded to ZIP: john_tmpl1.docx\nZIP archive created with 2 files\nJob b3054e17-dfb7-45b2-9803-2bd3ec0f8815: ZIP created successfully (70333 bytes)\nJob b3054e17-dfb7-45b2-9803-2bd3ec0f8815: Processing completed. Processed: 1, Failed: 0\n&#34;}], &#34;tests/test_integration.py::TestMultiTemplateWorkflows::test_multi_template_with_excel_sheets&#34;: [{&#34;extras&#34;: [], &#34;result&#34;: &#34;Failed&#34;, &#34;testId&#34;: &#34;tests/test_integration.py::TestMultiTemplateWorkflows::test_multi_template_with_excel_sheets&#34;, &#34;duration&#34;: &#34;395 ms&#34;, &#34;resultsTableRow&#34;: [&#34;&lt;td class=\&#34;col-result\&#34;&gt;Failed&lt;/td&gt;&#34;, &#34;&lt;td class=\&#34;col-testId\&#34;&gt;tests/test_integration.py::TestMultiTemplateWorkflows::test_multi_template_with_excel_sheets&lt;/td&gt;&#34;, &#34;&lt;td class=\&#34;col-duration\&#34;&gt;395 ms&lt;/td&gt;&#34;, &#34;&lt;td class=\&#34;col-links\&#34;&gt;&lt;/td&gt;&#34;], &#34;log&#34;: &#34;tests\\test_integration.py:345: in test_multi_template_with_excel_sheets\n    assert len(processed_job.output_files) &amp;gt;= 2\nE   assert 0 &amp;gt;= 2\nE    +  where 0 = len([])\nE    +    where [] = &amp;lt;models.job.Job object at 0x000001E8E9746E40&amp;gt;.output_files\n\n---------------------------- Captured stdout setup -----------------------------\n[TemplateProcessor] Initialized with template caching enabled\n[FormatConverter] Available methods: MS Office COM (reliable), ReportLab (fast, basic), LibreOffice (optional)\n\n----------------------------- Captured stdout call -----------------------------\nProcessing row 1 with 2 templates...\nRow 1, Template 1/2: Processing template_0.xlsx...\n[TemplateProcessor] Caching Excel template: template_0.xlsx\nRow 1, Template 2/2: Processing template_1.xlsx...\n[TemplateProcessor] Caching Excel template: template_1.xlsx\nRow 1: All templates processed successfully\nRow 1: Converting 2 templates to xlsx...\nRow 1: Error converting template 0: Unsupported output format: xlsx\nRow 1: Error converting template 1: Unsupported output format: xlsx\nRow 1: Completed successfully\nJob de33b3de-7f26-483f-84db-f77ed28618ef: Creating ZIP archive...\nAdded to ZIP: output_tmpl0.xlsx\nAdded to ZIP: output_tmpl1.xlsx\nZIP archive created with 2 files\nJob de33b3de-7f26-483f-84db-f77ed28618ef: ZIP created successfully (8454 bytes)\nJob de33b3de-7f26-483f-84db-f77ed28618ef: Processing completed. Processed: 1, Failed: 0\n&#34;}], &#34;tests/test_integration.py::TestErrorRecovery::test_invalid_template_path&#34;: [{&#34;extras&#34;: [], &#34;result&#34;: &#34;Failed&#34;, &#34;testId&#34;: &#34;tests/test_integration.py::TestErrorRecovery::test_invalid_template_path&#34;, &#34;duration&#34;: &#34;68 ms&#34;, &#34;resultsTableRow&#34;: [&#34;&lt;td class=\&#34;col-result\&#34;&gt;Failed&lt;/td&gt;&#34;, &#34;&lt;td class=\&#34;col-testId\&#34;&gt;tests/test_integration.py::TestErrorRecovery::test_invalid_template_path&lt;/td&gt;&#34;, &#34;&lt;td class=\&#34;col-duration\&#34;&gt;68 ms&lt;/td&gt;&#34;, &#34;&lt;td class=\&#34;col-links\&#34;&gt;&lt;/td&gt;&#34;], &#34;log&#34;: &#34;tests\\test_integration.py:369: in test_invalid_template_path\n    processed_job = job_manager.process_job(job.id)\nservices\\job_manager.py:281: in process_job\n    raise ValueError(f&amp;quot;Job {job_id} cannot be processed (status: {job.status.value})&amp;quot;)\nE   ValueError: Job 3c839c10-180c-4143-aea1-d32f2596a22c cannot be processed (status: failed)\n\n---------------------------- Captured stdout setup -----------------------------\n[TemplateProcessor] Initialized with template caching enabled\n[FormatConverter] Available methods: MS Office COM (reliable), ReportLab (fast, basic), LibreOffice (optional)\n&#34;}], &#34;tests/test_integration.py::TestErrorRecovery::test_invalid_data_path&#34;: [{&#34;extras&#34;: [], &#34;result&#34;: &#34;Failed&#34;, &#34;testId&#34;: &#34;tests/test_integration.py::TestErrorRecovery::test_invalid_data_path&#34;, &#34;duration&#34;: &#34;118 ms&#34;, &#34;resultsTableRow&#34;: [&#34;&lt;td class=\&#34;col-result\&#34;&gt;Failed&lt;/td&gt;&#34;, &#34;&lt;td class=\&#34;col-testId\&#34;&gt;tests/test_integration.py::TestErrorRecovery::test_invalid_data_path&lt;/td&gt;&#34;, &#34;&lt;td class=\&#34;col-duration\&#34;&gt;118 ms&lt;/td&gt;&#34;, &#34;&lt;td class=\&#34;col-links\&#34;&gt;&lt;/td&gt;&#34;], &#34;log&#34;: &#34;tests\\test_integration.py:389: in test_invalid_data_path\n    processed_job = job_manager.process_job(job.id)\nservices\\job_manager.py:281: in process_job\n    raise ValueError(f&amp;quot;Job {job_id} cannot be processed (status: {job.status.value})&amp;quot;)\nE   ValueError: Job 7d78bf45-caf7-4656-bf8e-71cb5466bc94 cannot be processed (status: failed)\n\n---------------------------- Captured stdout setup -----------------------------\n[TemplateProcessor] Initialized with template caching enabled\n[FormatConverter] Available methods: MS Office COM (reliable), ReportLab (fast, basic), LibreOffice (optional)\n&#34;}], &#34;tests/test_integration.py::TestErrorRecovery::test_corrupted_template&#34;: [{&#34;extras&#34;: [], &#34;result&#34;: &#34;Passed&#34;, &#34;testId&#34;: &#34;tests/test_integration.py::TestErrorRecovery::test_corrupted_template&#34;, &#34;duration&#34;: &#34;194 ms&#34;, &#34;resultsTableRow&#34;: [&#34;&lt;td class=\&#34;col-result\&#34;&gt;Passed&lt;/td&gt;&#34;, &#34;&lt;td class=\&#34;col-testId\&#34;&gt;tests/test_integration.py::TestErrorRecovery::test_corrupted_template&lt;/td&gt;&#34;, &#34;&lt;td class=\&#34;col-duration\&#34;&gt;194 ms&lt;/td&gt;&#34;, &#34;&lt;td class=\&#34;col-links\&#34;&gt;&lt;/td&gt;&#34;], &#34;log&#34;: &#34;---------------------------- Captured stdout setup -----------------------------\n[TemplateProcessor] Initialized with template caching enabled\n[FormatConverter] Available methods: MS Office COM (reliable), ReportLab (fast, basic), LibreOffice (optional)\n\n----------------------------- Captured stdout call -----------------------------\nProcessing row 1: Generating processed_1.docx...\n[TemplateProcessor] Caching Word template: template.docx\nError processing row 1: Package not found at &amp;#x27;C:\\Users\\pc\\AppData\\Local\\Temp\\pytest-of-pc\\pytest-0\\test_corrupted_template0\\test_jobs\\e068fba0-8765-4c6d-8996-996686d3ace2\\template.docx&amp;#x27;\n\n----------------------------- Captured stderr call -----------------------------\nTraceback (most recent call last):\n  File &amp;quot;C:\\Users\\pc\\autoarendt\\services\\job_manager.py&amp;quot;, line 409, in _process_template_job\n    self.template_processor.process_template(\n  File &amp;quot;C:\\Users\\pc\\autoarendt\\services\\template_processor.py&amp;quot;, line 164, in process_template\n    return self._process_docx_template(template_path, data, output_path)\n           ^^^^^^^^^^^^^^^^^^^^^^^^^^^^^^^^^^^^^^^^^^^^^^^^^^^^^^^^^^^^^\n  File &amp;quot;C:\\Users\\pc\\autoarendt\\services\\template_processor.py&amp;quot;, line 190, in _process_docx_template\n    self._docx_cache[template_path] = Document(template_path)\n                                      ^^^^^^^^^^^^^^^^^^^^^^^\n  File &amp;quot;C:\\Users\\pc\\AppData\\Roaming\\Python\\Python312\\site-packages\\docx\\api.py&amp;quot;, line 27, in Document\n    document_part = cast(&amp;quot;DocumentPart&amp;quot;, Package.open(docx).main_document_part)\n                                         ^^^^^^^^^^^^^^^^^^\n  File &amp;quot;C:\\Users\\pc\\AppData\\Roaming\\Python\\Python312\\site-packages\\docx\\opc\\package.py&amp;quot;, line 126, in open\n    pkg_reader = PackageReader.from_file(pkg_file)\n                 ^^^^^^^^^^^^^^^^^^^^^^^^^^^^^^^^^\n  File &amp;quot;C:\\Users\\pc\\AppData\\Roaming\\Python\\Python312\\site-packages\\docx\\opc\\pkgreader.py&amp;quot;, line 22, in from_file\n    phys_reader = PhysPkgReader(pkg_file)\n                  ^^^^^^^^^^^^^^^^^^^^^^^\n  File &amp;quot;C:\\Users\\pc\\AppData\\Roaming\\Python\\Python312\\site-packages\\docx\\opc\\phys_pkg.py&amp;quot;, line 21, in __new__\n    raise PackageNotFoundError(&amp;quot;Package not found at &amp;#x27;%s&amp;#x27;&amp;quot; % pkg_file)\ndocx.opc.exceptions.PackageNotFoundError: Package not found at &amp;#x27;C:\\Users\\pc\\AppData\\Local\\Temp\\pytest-of-pc\\pytest-0\\test_corrupted_template0\\test_jobs\\e068fba0-8765-4c6d-8996-996686d3ace2\\template.docx&amp;#x27;\n&#34;}], &#34;tests/test_performance.py::TestPerformance::test_template_caching_speedup&#34;: [{&#34;extras&#34;: [], &#34;result&#34;: &#34;Passed&#34;, &#34;testId&#34;: &#34;tests/test_performance.py::TestPerformance::test_template_caching_speedup&#34;, &#34;duration&#34;: &#34;777 ms&#34;, &#34;resultsTableRow&#34;: [&#34;&lt;td class=\&#34;col-result\&#34;&gt;Passed&lt;/td&gt;&#34;, &#34;&lt;td class=\&#34;col-testId\&#34;&gt;tests/test_performance.py::TestPerformance::test_template_caching_speedup&lt;/td&gt;&#34;, &#34;&lt;td class=\&#34;col-duration\&#34;&gt;777 ms&lt;/td&gt;&#34;, &#34;&lt;td class=\&#34;col-links\&#34;&gt;&lt;/td&gt;&#34;], &#34;log&#34;: &#34;---------------------------- Captured stdout setup -----------------------------\n[TemplateProcessor] Initialized with template caching enabled\n\n----------------------------- Captured stdout call -----------------------------\n[TemplateProcessor] Caching Word template: template.docx\n\n--- Template Caching Performance ---\nCold cache (first 5): 0.352s (avg: 0.070s)\nWarm cache (next 5):  0.340s (avg: 0.068s)\nSpeedup: 1.04x\n&#34;}], &#34;tests/test_performance.py::TestPerformance::test_memory_usage&#34;: [{&#34;extras&#34;: [], &#34;result&#34;: &#34;Passed&#34;, &#34;testId&#34;: &#34;tests/test_performance.py::TestPerformance::test_memory_usage&#34;, &#34;duration&#34;: &#34;00:00:04&#34;, &#34;resultsTableRow&#34;: [&#34;&lt;td class=\&#34;col-result\&#34;&gt;Passed&lt;/td&gt;&#34;, &#34;&lt;td class=\&#34;col-testId\&#34;&gt;tests/test_performance.py::TestPerformance::test_memory_usage&lt;/td&gt;&#34;, &#34;&lt;td class=\&#34;col-duration\&#34;&gt;00:00:04&lt;/td&gt;&#34;, &#34;&lt;td class=\&#34;col-links\&#34;&gt;&lt;/td&gt;&#34;], &#34;log&#34;: &#34;---------------------------- Captured stdout setup -----------------------------\n[TemplateProcessor] Initialized with template caching enabled\n\n----------------------------- Captured stdout call -----------------------------\n[TemplateProcessor] Caching Word template: template.docx\n\n--- Memory Usage ---\nStart: 153.00 MB\nEnd: 176.21 MB\nIncrease: 23.21 MB\nPer document: 0.464 MB\n&#34;}], &#34;tests/test_performance.py::TestPerformance::test_concurrent_processing&#34;: [{&#34;extras&#34;: [], &#34;result&#34;: &#34;Passed&#34;, &#34;testId&#34;: &#34;tests/test_performance.py::TestPerformance::test_concurrent_processing&#34;, &#34;duration&#34;: &#34;725 ms&#34;, &#34;resultsTableRow&#34;: [&#34;&lt;td class=\&#34;col-result\&#34;&gt;Passed&lt;/td&gt;&#34;, &#34;&lt;td class=\&#34;col-testId\&#34;&gt;tests/test_performance.py::TestPerformance::test_concurrent_processing&lt;/td&gt;&#34;, &#34;&lt;td class=\&#34;col-duration\&#34;&gt;725 ms&lt;/td&gt;&#34;, &#34;&lt;td class=\&#34;col-links\&#34;&gt;&lt;/td&gt;&#34;], &#34;log&#34;: &#34;---------------------------- Captured stdout setup -----------------------------\n[TemplateProcessor] Initialized with template caching enabled\n\n----------------------------- Captured stdout call -----------------------------\n[TemplateProcessor] Caching Word template: template.docx\n\n--- Concurrent Processing Test ---\nSequential: 0.599s\nPer document: 0.060s\n&#34;}], &#34;tests/test_performance.py::TestScalability::test_file_size_handling&#34;: [{&#34;extras&#34;: [], &#34;result&#34;: &#34;Passed&#34;, &#34;testId&#34;: &#34;tests/test_performance.py::TestScalability::test_file_size_handling&#34;, &#34;duration&#34;: &#34;432 ms&#34;, &#34;resultsTableRow&#34;: [&#34;&lt;td class=\&#34;col-result\&#34;&gt;Passed&lt;/td&gt;&#34;, &#34;&lt;td class=\&#34;col-testId\&#34;&gt;tests/test_performance.py::TestScalability::test_file_size_handling&lt;/td&gt;&#34;, &#34;&lt;td class=\&#34;col-duration\&#34;&gt;432 ms&lt;/td&gt;&#34;, &#34;&lt;td class=\&#34;col-links\&#34;&gt;&lt;/td&gt;&#34;], &#34;log&#34;: &#34;---------------------------- Captured stdout setup -----------------------------\n[TemplateProcessor] Initialized with template caching enabled\n\n----------------------------- Captured stdout call -----------------------------\n[TemplateProcessor] Caching Excel template: large_template.xlsx\n\n--- Large File Processing ---\nTemplate size: 11.02 KB\nOutput size: 10.87 KB\nProcessing time: 0.245s\n&#34;}], &#34;tests/test_performance.py::TestResourceUsage::test_cache_memory_efficiency&#34;: [{&#34;extras&#34;: [], &#34;result&#34;: &#34;Passed&#34;, &#34;testId&#34;: &#34;tests/test_performance.py::TestResourceUsage::test_cache_memory_efficiency&#34;, &#34;duration&#34;: &#34;00:00:02&#34;, &#34;resultsTableRow&#34;: [&#34;&lt;td class=\&#34;col-result\&#34;&gt;Passed&lt;/td&gt;&#34;, &#34;&lt;td class=\&#34;col-testId\&#34;&gt;tests/test_performance.py::TestResourceUsage::test_cache_memory_efficiency&lt;/td&gt;&#34;, &#34;&lt;td class=\&#34;col-duration\&#34;&gt;00:00:02&lt;/td&gt;&#34;, &#34;&lt;td class=\&#34;col-links\&#34;&gt;&lt;/td&gt;&#34;], &#34;log&#34;: &#34;---------------------------- Captured stdout setup -----------------------------\n[TemplateProcessor] Initialized with template caching enabled\n\n----------------------------- Captured stdout call -----------------------------\n[TemplateProcessor] Caching Word template: template_0.docx\n[TemplateProcessor] Caching Word template: template_1.docx\n[TemplateProcessor] Caching Word template: template_2.docx\n[TemplateProcessor] Caching Word template: template_3.docx\n[TemplateProcessor] Caching Word template: template_4.docx\n[TemplateProcessor] Caching Word template: template_5.docx\n[TemplateProcessor] Caching Word template: template_6.docx\n[TemplateProcessor] Caching Word template: template_7.docx\n[TemplateProcessor] Caching Word template: template_8.docx\n[TemplateProcessor] Caching Word template: template_9.docx\n\n--- Cache Memory Efficiency ---\nTemplates cached: 10\nMemory overhead: 70.66 MB\nPer template: 7.07 MB\n&#34;}], &#34;tests/test_performance.py::TestResourceUsage::test_disk_io_efficiency&#34;: [{&#34;extras&#34;: [], &#34;result&#34;: &#34;Passed&#34;, &#34;testId&#34;: &#34;tests/test_performance.py::TestResourceUsage::test_disk_io_efficiency&#34;, &#34;duration&#34;: &#34;00:00:01&#34;, &#34;resultsTableRow&#34;: [&#34;&lt;td class=\&#34;col-result\&#34;&gt;Passed&lt;/td&gt;&#34;, &#34;&lt;td class=\&#34;col-testId\&#34;&gt;tests/test_performance.py::TestResourceUsage::test_disk_io_efficiency&lt;/td&gt;&#34;, &#34;&lt;td class=\&#34;col-duration\&#34;&gt;00:00:01&lt;/td&gt;&#34;, &#34;&lt;td class=\&#34;col-links\&#34;&gt;&lt;/td&gt;&#34;], &#34;log&#34;: &#34;---------------------------- Captured stdout setup -----------------------------\n[TemplateProcessor] Initialized with template caching enabled\n\n----------------------------- Captured stdout call -----------------------------\n[TemplateProcessor] Caching Word template: template.docx\n\n--- Disk I/O Efficiency ---\nOperations: 20\nTime: 1.194s\nOps/second: 16.76\n&#34;}], &#34;tests/test_suite.py::TestTemplateProcessor::test_docx_variable_substitution&#34;: [{&#34;extras&#34;: [], &#34;result&#34;: &#34;Passed&#34;, &#34;testId&#34;: &#34;tests/test_suite.py::TestTemplateProcessor::test_docx_variable_substitution&#34;, &#34;duration&#34;: &#34;254 ms&#34;, &#34;resultsTableRow&#34;: [&#34;&lt;td class=\&#34;col-result\&#34;&gt;Passed&lt;/td&gt;&#34;, &#34;&lt;td class=\&#34;col-testId\&#34;&gt;tests/test_suite.py::TestTemplateProcessor::test_docx_variable_substitution&lt;/td&gt;&#34;, &#34;&lt;td class=\&#34;col-duration\&#34;&gt;254 ms&lt;/td&gt;&#34;, &#34;&lt;td class=\&#34;col-links\&#34;&gt;&lt;/td&gt;&#34;], &#34;log&#34;: &#34;---------------------------- Captured stdout setup -----------------------------\n[TemplateProcessor] Initialized with template caching enabled\n\n----------------------------- Captured stdout call -----------------------------\n[TemplateProcessor] Caching Word template: test_template.docx\n&#34;}], &#34;tests/test_suite.py::TestTemplateProcessor::test_xlsx_variable_substitution&#34;: [{&#34;extras&#34;: [], &#34;result&#34;: &#34;Failed&#34;, &#34;testId&#34;: &#34;tests/test_suite.py::TestTemplateProcessor::test_xlsx_variable_substitution&#34;, &#34;duration&#34;: &#34;270 ms&#34;, &#34;resultsTableRow&#34;: [&#34;&lt;td class=\&#34;col-result\&#34;&gt;Failed&lt;/td&gt;&#34;, &#34;&lt;td class=\&#34;col-testId\&#34;&gt;tests/test_suite.py::TestTemplateProcessor::test_xlsx_variable_substitution&lt;/td&gt;&#34;, &#34;&lt;td class=\&#34;col-duration\&#34;&gt;270 ms&lt;/td&gt;&#34;, &#34;&lt;td class=\&#34;col-links\&#34;&gt;&lt;/td&gt;&#34;], &#34;log&#34;: &#34;tests\\test_suite.py:89: in test_xlsx_variable_substitution\n    result_wb = load_workbook(str(output_path))\n..\\AppData\\Roaming\\Python\\Python312\\site-packages\\openpyxl\\reader\\excel.py:348: in load_workbook\n    reader.read()\n..\\AppData\\Roaming\\Python\\Python312\\site-packages\\openpyxl\\reader\\excel.py:301: in read\n    apply_stylesheet(self.archive, self.wb)\n..\\AppData\\Roaming\\Python\\Python312\\site-packages\\openpyxl\\styles\\stylesheet.py:209: in apply_stylesheet\n    stylesheet = Stylesheet.from_tree(node)\n..\\AppData\\Roaming\\Python\\Python312\\site-packages\\openpyxl\\styles\\stylesheet.py:105: in from_tree\n    return super().from_tree(node)\n..\\AppData\\Roaming\\Python\\Python312\\site-packages\\openpyxl\\descriptors\\serialisable.py:103: in from_tree\n    return cls(**attrib)\n..\\AppData\\Roaming\\Python\\Python312\\site-packages\\openpyxl\\styles\\stylesheet.py:96: in __init__\n    self.named_styles = self._merge_named_styles()\n..\\AppData\\Roaming\\Python\\Python312\\site-packages\\openpyxl\\styles\\stylesheet.py:114: in _merge_named_styles\n    from_ref = [self._expand_named_style(style_ref) for style_ref in style_refs]\n..\\AppData\\Roaming\\Python\\Python312\\site-packages\\openpyxl\\styles\\stylesheet.py:132: in _expand_named_style\n    named_style.font = self.fonts[xf.fontId]\nE   IndexError: list index out of range\n\n---------------------------- Captured stdout setup -----------------------------\n[TemplateProcessor] Initialized with template caching enabled\n\n----------------------------- Captured stdout call -----------------------------\n[TemplateProcessor] Caching Excel template: test_template.xlsx\n&#34;}], &#34;tests/test_suite.py::TestTemplateProcessor::test_xlsx_auto_adjust_height&#34;: [{&#34;extras&#34;: [], &#34;result&#34;: &#34;Error&#34;, &#34;testId&#34;: &#34;tests/test_suite.py::TestTemplateProcessor::test_xlsx_auto_adjust_height::setup&#34;, &#34;duration&#34;: &#34;2 ms&#34;, &#34;resultsTableRow&#34;: [&#34;&lt;td class=\&#34;col-result\&#34;&gt;Error&lt;/td&gt;&#34;, &#34;&lt;td class=\&#34;col-testId\&#34;&gt;tests/test_suite.py::TestTemplateProcessor::test_xlsx_auto_adjust_height::setup&lt;/td&gt;&#34;, &#34;&lt;td class=\&#34;col-duration\&#34;&gt;2 ms&lt;/td&gt;&#34;, &#34;&lt;td class=\&#34;col-links\&#34;&gt;&lt;/td&gt;&#34;], &#34;log&#34;: &#34;..\\AppData\\Roaming\\Python\\Python312\\site-packages\\pytest_asyncio\\plugin.py:733: in pytest_fixture_setup\n    return (yield)\ntests\\conftest.py:48: in output_dir\n    item.unlink()\nC:\\Python312\\Lib\\pathlib.py:1342: in unlink\n    os.unlink(self)\nE   PermissionError: [WinError 32] El proceso no tiene acceso al archivo porque est\u00e1 siendo utilizado por otro proceso: &amp;#x27;C:\\\\Users\\\\pc\\\\autoarendt\\\\tests\\\\output\\\\output.xlsx&amp;#x27;\n\n---------------------------- Captured stdout setup -----------------------------\n[TemplateProcessor] Initialized with template caching enabled\n&#34;}], &#34;tests/test_suite.py::TestTemplateProcessor::test_xlsx_auto_adjust_width&#34;: [{&#34;extras&#34;: [], &#34;result&#34;: &#34;Error&#34;, &#34;testId&#34;: &#34;tests/test_suite.py::TestTemplateProcessor::test_xlsx_auto_adjust_width::setup&#34;, &#34;duration&#34;: &#34;4 ms&#34;, &#34;resultsTableRow&#34;: [&#34;&lt;td class=\&#34;col-result\&#34;&gt;Error&lt;/td&gt;&#34;, &#34;&lt;td class=\&#34;col-testId\&#34;&gt;tests/test_suite.py::TestTemplateProcessor::test_xlsx_auto_adjust_width::setup&lt;/td&gt;&#34;, &#34;&lt;td class=\&#34;col-duration\&#34;&gt;4 ms&lt;/td&gt;&#34;, &#34;&lt;td class=\&#34;col-links\&#34;&gt;&lt;/td&gt;&#34;], &#34;log&#34;: &#34;..\\AppData\\Roaming\\Python\\Python312\\site-packages\\pytest_asyncio\\plugin.py:733: in pytest_fixture_setup\n    return (yield)\ntests\\conftest.py:48: in output_dir\n    item.unlink()\nC:\\Python312\\Lib\\pathlib.py:1342: in unlink\n    os.unlink(self)\nE   PermissionError: [WinError 32] El proceso no tiene acceso al archivo porque est\u00e1 siendo utilizado por otro proceso: &amp;#x27;C:\\\\Users\\\\pc\\\\autoarendt\\\\tests\\\\output\\\\output.xlsx&amp;#x27;\n\n---------------------------- Captured stdout setup -----------------------------\n[TemplateProcessor] Initialized with template caching enabled\n&#34;}], &#34;tests/test_suite.py::TestTemplateProcessor::test_xlsx_auto_adjust_specific_range&#34;: [{&#34;extras&#34;: [], &#34;result&#34;: &#34;Error&#34;, &#34;testId&#34;: &#34;tests/test_suite.py::TestTemplateProcessor::test_xlsx_auto_adjust_specific_range::setup&#34;, &#34;duration&#34;: &#34;2 ms&#34;, &#34;resultsTableRow&#34;: [&#34;&lt;td class=\&#34;col-result\&#34;&gt;Error&lt;/td&gt;&#34;, &#34;&lt;td class=\&#34;col-testId\&#34;&gt;tests/test_suite.py::TestTemplateProcessor::test_xlsx_auto_adjust_specific_range::setup&lt;/td&gt;&#34;, &#34;&lt;td class=\&#34;col-duration\&#34;&gt;2 ms&lt;/td&gt;&#34;, &#34;&lt;td class=\&#34;col-links\&#34;&gt;&lt;/td&gt;&#34;], &#34;log&#34;: &#34;..\\AppData\\Roaming\\Python\\Python312\\site-packages\\pytest_asyncio\\plugin.py:733: in pytest_fixture_setup\n    return (yield)\ntests\\conftest.py:48: in output_dir\n    item.unlink()\nC:\\Python312\\Lib\\pathlib.py:1342: in unlink\n    os.unlink(self)\nE   PermissionError: [WinError 32] El proceso no tiene acceso al archivo porque est\u00e1 siendo utilizado por otro proceso: &amp;#x27;C:\\\\Users\\\\pc\\\\autoarendt\\\\tests\\\\output\\\\output.xlsx&amp;#x27;\n\n---------------------------- Captured stdout setup -----------------------------\n[TemplateProcessor] Initialized with template caching enabled\n&#34;}], &#34;tests/test_suite.py::TestTemplateProcessor::test_template_caching&#34;: [{&#34;extras&#34;: [], &#34;result&#34;: &#34;Error&#34;, &#34;testId&#34;: &#34;tests/test_suite.py::TestTemplateProcessor::test_template_caching::setup&#34;, &#34;duration&#34;: &#34;2 ms&#34;, &#34;resultsTableRow&#34;: [&#34;&lt;td class=\&#34;col-result\&#34;&gt;Error&lt;/td&gt;&#34;, &#34;&lt;td class=\&#34;col-testId\&#34;&gt;tests/test_suite.py::TestTemplateProcessor::test_template_caching::setup&lt;/td&gt;&#34;, &#34;&lt;td class=\&#34;col-duration\&#34;&gt;2 ms&lt;/td&gt;&#34;, &#34;&lt;td class=\&#34;col-links\&#34;&gt;&lt;/td&gt;&#34;], &#34;log&#34;: &#34;..\\AppData\\Roaming\\Python\\Python312\\site-packages\\pytest_asyncio\\plugin.py:733: in pytest_fixture_setup\n    return (yield)\ntests\\conftest.py:48: in output_dir\n    item.unlink()\nC:\\Python312\\Lib\\pathlib.py:1342: in unlink\n    os.unlink(self)\nE   PermissionError: [WinError 32] El proceso no tiene acceso al archivo porque est\u00e1 siendo utilizado por otro proceso: &amp;#x27;C:\\\\Users\\\\pc\\\\autoarendt\\\\tests\\\\output\\\\output.xlsx&amp;#x27;\n\n---------------------------- Captured stdout setup -----------------------------\n[TemplateProcessor] Initialized with template caching enabled\n&#34;}], &#34;tests/test_suite.py::TestFormatConverter::test_unsupported_format&#34;: [{&#34;extras&#34;: [], &#34;result&#34;: &#34;Error&#34;, &#34;testId&#34;: &#34;tests/test_suite.py::TestFormatConverter::test_unsupported_format::setup&#34;, &#34;duration&#34;: &#34;3 ms&#34;, &#34;resultsTableRow&#34;: [&#34;&lt;td class=\&#34;col-result\&#34;&gt;Error&lt;/td&gt;&#34;, &#34;&lt;td class=\&#34;col-testId\&#34;&gt;tests/test_suite.py::TestFormatConverter::test_unsupported_format::setup&lt;/td&gt;&#34;, &#34;&lt;td class=\&#34;col-duration\&#34;&gt;3 ms&lt;/td&gt;&#34;, &#34;&lt;td class=\&#34;col-links\&#34;&gt;&lt;/td&gt;&#34;], &#34;log&#34;: &#34;..\\AppData\\Roaming\\Python\\Python312\\site-packages\\pytest_asyncio\\plugin.py:733: in pytest_fixture_setup\n    return (yield)\ntests\\conftest.py:48: in output_dir\n    item.unlink()\nC:\\Python312\\Lib\\pathlib.py:1342: in unlink\n    os.unlink(self)\nE   PermissionError: [WinError 32] El proceso no tiene acceso al archivo porque est\u00e1 siendo utilizado por otro proceso: &amp;#x27;C:\\\\Users\\\\pc\\\\autoarendt\\\\tests\\\\output\\\\output.xlsx&amp;#x27;\n\n---------------------------- Captured stdout setup -----------------------------\n[FormatConverter] Available methods: MS Office COM (reliable), ReportLab (fast, basic), LibreOffice (optional)\n&#34;}], &#34;tests/test_suite.py::TestJobManager::test_create_job&#34;: [{&#34;extras&#34;: [], &#34;result&#34;: &#34;Error&#34;, &#34;testId&#34;: &#34;tests/test_suite.py::TestJobManager::test_create_job::setup&#34;, &#34;duration&#34;: &#34;9 ms&#34;, &#34;resultsTableRow&#34;: [&#34;&lt;td class=\&#34;col-result\&#34;&gt;Error&lt;/td&gt;&#34;, &#34;&lt;td class=\&#34;col-testId\&#34;&gt;tests/test_suite.py::TestJobManager::test_create_job::setup&lt;/td&gt;&#34;, &#34;&lt;td class=\&#34;col-duration\&#34;&gt;9 ms&lt;/td&gt;&#34;, &#34;&lt;td class=\&#34;col-links\&#34;&gt;&lt;/td&gt;&#34;], &#34;log&#34;: &#34;..\\AppData\\Roaming\\Python\\Python312\\site-packages\\pytest_asyncio\\plugin.py:733: in pytest_fixture_setup\n    return (yield)\ntests\\conftest.py:48: in output_dir\n    item.unlink()\nC:\\Python312\\Lib\\pathlib.py:1342: in unlink\n    os.unlink(self)\nE   PermissionError: [WinError 32] El proceso no tiene acceso al archivo porque est\u00e1 siendo utilizado por otro proceso: &amp;#x27;C:\\\\Users\\\\pc\\\\autoarendt\\\\tests\\\\output\\\\output.xlsx&amp;#x27;\n\n---------------------------- Captured stdout setup -----------------------------\n[TemplateProcessor] Initialized with template caching enabled\n[FormatConverter] Available methods: MS Office COM (reliable), ReportLab (fast, basic), LibreOffice (optional)\n&#34;}], &#34;tests/test_suite.py::TestJobManager::test_job_with_excel_auto_adjust&#34;: [{&#34;extras&#34;: [], &#34;result&#34;: &#34;Error&#34;, &#34;testId&#34;: &#34;tests/test_suite.py::TestJobManager::test_job_with_excel_auto_adjust::setup&#34;, &#34;duration&#34;: &#34;10 ms&#34;, &#34;resultsTableRow&#34;: [&#34;&lt;td class=\&#34;col-result\&#34;&gt;Error&lt;/td&gt;&#34;, &#34;&lt;td class=\&#34;col-testId\&#34;&gt;tests/test_suite.py::TestJobManager::test_job_with_excel_auto_adjust::setup&lt;/td&gt;&#34;, &#34;&lt;td class=\&#34;col-duration\&#34;&gt;10 ms&lt;/td&gt;&#34;, &#34;&lt;td class=\&#34;col-links\&#34;&gt;&lt;/td&gt;&#34;], &#34;log&#34;: &#34;..\\AppData\\Roaming\\Python\\Python312\\site-packages\\pytest_asyncio\\plugin.py:733: in pytest_fixture_setup\n    return (yield)\ntests\\conftest.py:48: in output_dir\n    item.unlink()\nC:\\Python312\\Lib\\pathlib.py:1342: in unlink\n    os.unlink(self)\nE   PermissionError: [WinError 32] El proceso no tiene acceso al archivo porque est\u00e1 siendo utilizado por otro proceso: &amp;#x27;C:\\\\Users\\\\pc\\\\autoarendt\\\\tests\\\\output\\\\output.xlsx&amp;#x27;\n\n---------------------------- Captured stdout setup -----------------------------\n[TemplateProcessor] Initialized with template caching enabled\n[FormatConverter] Available methods: MS Office COM (reliable), ReportLab (fast, basic), LibreOffice (optional)\n&#34;}], &#34;tests/test_suite.py::TestJobManager::test_job_with_excel_print_settings&#34;: [{&#34;extras&#34;: [], &#34;result&#34;: &#34;Error&#34;, &#34;testId&#34;: &#34;tests/test_suite.py::TestJobManager::test_job_with_excel_print_settings::setup&#34;, &#34;duration&#34;: &#34;10 ms&#34;, &#34;resultsTableRow&#34;: [&#34;&lt;td class=\&#34;col-result\&#34;&gt;Error&lt;/td&gt;&#34;, &#34;&lt;td class=\&#34;col-testId\&#34;&gt;tests/test_suite.py::TestJobManager::test_job_with_excel_print_settings::setup&lt;/td&gt;&#34;, &#34;&lt;td class=\&#34;col-duration\&#34;&gt;10 ms&lt;/td&gt;&#34;, &#34;&lt;td class=\&#34;col-links\&#34;&gt;&lt;/td&gt;&#34;], &#34;log&#34;: &#34;..\\AppData\\Roaming\\Python\\Python312\\site-packages\\pytest_asyncio\\plugin.py:733: in pytest_fixture_setup\n    return (yield)\ntests\\conftest.py:48: in output_dir\n    item.unlink()\nC:\\Python312\\Lib\\pathlib.py:1342: in unlink\n    os.unlink(self)\nE   PermissionError: [WinError 32] El proceso no tiene acceso al archivo porque est\u00e1 siendo utilizado por otro proceso: &amp;#x27;C:\\\\Users\\\\pc\\\\autoarendt\\\\tests\\\\output\\\\output.xlsx&amp;#x27;\n\n---------------------------- Captured stdout setup -----------------------------\n[TemplateProcessor] Initialized with template caching enabled\n[FormatConverter] Available methods: MS Office COM (reliable), ReportLab (fast, basic), LibreOffice (optional)\n&#34;}], &#34;tests/test_suite.py::TestEdgeCases::test_missing_variable_in_template&#34;: [{&#34;extras&#34;: [], &#34;result&#34;: &#34;Error&#34;, &#34;testId&#34;: &#34;tests/test_suite.py::TestEdgeCases::test_missing_variable_in_template::setup&#34;, &#34;duration&#34;: &#34;3 ms&#34;, &#34;resultsTableRow&#34;: [&#34;&lt;td class=\&#34;col-result\&#34;&gt;Error&lt;/td&gt;&#34;, &#34;&lt;td class=\&#34;col-testId\&#34;&gt;tests/test_suite.py::TestEdgeCases::test_missing_variable_in_template::setup&lt;/td&gt;&#34;, &#34;&lt;td class=\&#34;col-duration\&#34;&gt;3 ms&lt;/td&gt;&#34;, &#34;&lt;td class=\&#34;col-links\&#34;&gt;&lt;/td&gt;&#34;], &#34;log&#34;: &#34;..\\AppData\\Roaming\\Python\\Python312\\site-packages\\pytest_asyncio\\plugin.py:733: in pytest_fixture_setup\n    return (yield)\ntests\\conftest.py:48: in output_dir\n    item.unlink()\nC:\\Python312\\Lib\\pathlib.py:1342: in unlink\n    os.unlink(self)\nE   PermissionError: [WinError 32] El proceso no tiene acceso al archivo porque est\u00e1 siendo utilizado por otro proceso: &amp;#x27;C:\\\\Users\\\\pc\\\\autoarendt\\\\tests\\\\output\\\\output.xlsx&amp;#x27;\n\n---------------------------- Captured stdout setup -----------------------------\n[TemplateProcessor] Initialized with template caching enabled\n&#34;}], &#34;tests/test_suite.py::TestEdgeCases::test_special_characters_in_variables&#34;: [{&#34;extras&#34;: [], &#34;result&#34;: &#34;Error&#34;, &#34;testId&#34;: &#34;tests/test_suite.py::TestEdgeCases::test_special_characters_in_variables::setup&#34;, &#34;duration&#34;: &#34;3 ms&#34;, &#34;resultsTableRow&#34;: [&#34;&lt;td class=\&#34;col-result\&#34;&gt;Error&lt;/td&gt;&#34;, &#34;&lt;td class=\&#34;col-testId\&#34;&gt;tests/test_suite.py::TestEdgeCases::test_special_characters_in_variables::setup&lt;/td&gt;&#34;, &#34;&lt;td class=\&#34;col-duration\&#34;&gt;3 ms&lt;/td&gt;&#34;, &#34;&lt;td class=\&#34;col-links\&#34;&gt;&lt;/td&gt;&#34;], &#34;log&#34;: &#34;..\\AppData\\Roaming\\Python\\Python312\\site-packages\\pytest_asyncio\\plugin.py:733: in pytest_fixture_setup\n    return (yield)\ntests\\conftest.py:48: in output_dir\n    item.unlink()\nC:\\Python312\\Lib\\pathlib.py:1342: in unlink\n    os.unlink(self)\nE   PermissionError: [WinError 32] El proceso no tiene acceso al archivo porque est\u00e1 siendo utilizado por otro proceso: &amp;#x27;C:\\\\Users\\\\pc\\\\autoarendt\\\\tests\\\\output\\\\output.xlsx&amp;#x27;\n\n---------------------------- Captured stdout setup -----------------------------\n[TemplateProcessor] Initialized with template caching enabled\n&#34;}], &#34;tests/test_suite.py::TestEdgeCases::test_empty_template&#34;: [{&#34;extras&#34;: [], &#34;result&#34;: &#34;Error&#34;, &#34;testId&#34;: &#34;tests/test_suite.py::TestEdgeCases::test_empty_template::setup&#34;, &#34;duration&#34;: &#34;3 ms&#34;, &#34;resultsTableRow&#34;: [&#34;&lt;td class=\&#34;col-result\&#34;&gt;Error&lt;/td&gt;&#34;, &#34;&lt;td class=\&#34;col-testId\&#34;&gt;tests/test_suite.py::TestEdgeCases::test_empty_template::setup&lt;/td&gt;&#34;, &#34;&lt;td class=\&#34;col-duration\&#34;&gt;3 ms&lt;/td&gt;&#34;, &#34;&lt;td class=\&#34;col-links\&#34;&gt;&lt;/td&gt;&#34;], &#34;log&#34;: &#34;..\\AppData\\Roaming\\Python\\Python312\\site-packages\\pytest_asyncio\\plugin.py:733: in pytest_fixture_setup\n    return (yield)\ntests\\conftest.py:48: in output_dir\n    item.unlink()\nC:\\Python312\\Lib\\pathlib.py:1342: in unlink\n    os.unlink(self)\nE   PermissionError: [WinError 32] El proceso no tiene acceso al archivo porque est\u00e1 siendo utilizado por otro proceso: &amp;#x27;C:\\\\Users\\\\pc\\\\autoarendt\\\\tests\\\\output\\\\output.xlsx&amp;#x27;\n\n---------------------------- Captured stdout setup -----------------------------\n[TemplateProcessor] Initialized with template caching enabled\n&#34;}], &#34;tests/test_suite.py::TestEdgeCases::test_large_dataset&#34;: [{&#34;extras&#34;: [], &#34;result&#34;: &#34;Error&#34;, &#34;testId&#34;: &#34;tests/test_suite.py::TestEdgeCases::test_large_dataset::setup&#34;, &#34;duration&#34;: &#34;2 ms&#34;, &#34;resultsTableRow&#34;: [&#34;&lt;td class=\&#34;col-result\&#34;&gt;Error&lt;/td&gt;&#34;, &#34;&lt;td class=\&#34;col-testId\&#34;&gt;tests/test_suite.py::TestEdgeCases::test_large_dataset::setup&lt;/td&gt;&#34;, &#34;&lt;td class=\&#34;col-duration\&#34;&gt;2 ms&lt;/td&gt;&#34;, &#34;&lt;td class=\&#34;col-links\&#34;&gt;&lt;/td&gt;&#34;], &#34;log&#34;: &#34;..\\AppData\\Roaming\\Python\\Python312\\site-packages\\pytest_asyncio\\plugin.py:733: in pytest_fixture_setup\n    return (yield)\ntests\\conftest.py:48: in output_dir\n    item.unlink()\nC:\\Python312\\Lib\\pathlib.py:1342: in unlink\n    os.unlink(self)\nE   PermissionError: [WinError 32] El proceso no tiene acceso al archivo porque est\u00e1 siendo utilizado por otro proceso: &amp;#x27;C:\\\\Users\\\\pc\\\\autoarendt\\\\tests\\\\output\\\\output.xlsx&amp;#x27;\n\n---------------------------- Captured stdout setup -----------------------------\n[TemplateProcessor] Initialized with template caching enabled\n&#34;}], &#34;tests/test_validators.py::TestOutputValidation::test_docx_file_validity&#34;: [{&#34;extras&#34;: [], &#34;result&#34;: &#34;Error&#34;, &#34;testId&#34;: &#34;tests/test_validators.py::TestOutputValidation::test_docx_file_validity::setup&#34;, &#34;duration&#34;: &#34;2 ms&#34;, &#34;resultsTableRow&#34;: [&#34;&lt;td class=\&#34;col-result\&#34;&gt;Error&lt;/td&gt;&#34;, &#34;&lt;td class=\&#34;col-testId\&#34;&gt;tests/test_validators.py::TestOutputValidation::test_docx_file_validity::setup&lt;/td&gt;&#34;, &#34;&lt;td class=\&#34;col-duration\&#34;&gt;2 ms&lt;/td&gt;&#34;, &#34;&lt;td class=\&#34;col-links\&#34;&gt;&lt;/td&gt;&#34;], &#34;log&#34;: &#34;..\\AppData\\Roaming\\Python\\Python312\\site-packages\\pytest_asyncio\\plugin.py:733: in pytest_fixture_setup\n    return (yield)\ntests\\conftest.py:48: in output_dir\n    item.unlink()\nC:\\Python312\\Lib\\pathlib.py:1342: in unlink\n    os.unlink(self)\nE   PermissionError: [WinError 32] El proceso no tiene acceso al archivo porque est\u00e1 siendo utilizado por otro proceso: &amp;#x27;C:\\\\Users\\\\pc\\\\autoarendt\\\\tests\\\\output\\\\output.xlsx&amp;#x27;\n\n---------------------------- Captured stdout setup -----------------------------\n[TemplateProcessor] Initialized with template caching enabled\n&#34;}], &#34;tests/test_validators.py::TestOutputValidation::test_xlsx_file_validity&#34;: [{&#34;extras&#34;: [], &#34;result&#34;: &#34;Error&#34;, &#34;testId&#34;: &#34;tests/test_validators.py::TestOutputValidation::test_xlsx_file_validity::setup&#34;, &#34;duration&#34;: &#34;3 ms&#34;, &#34;resultsTableRow&#34;: [&#34;&lt;td class=\&#34;col-result\&#34;&gt;Error&lt;/td&gt;&#34;, &#34;&lt;td class=\&#34;col-testId\&#34;&gt;tests/test_validators.py::TestOutputValidation::test_xlsx_file_validity::setup&lt;/td&gt;&#34;, &#34;&lt;td class=\&#34;col-duration\&#34;&gt;3 ms&lt;/td&gt;&#34;, &#34;&lt;td class=\&#34;col-links\&#34;&gt;&lt;/td&gt;&#34;], &#34;log&#34;: &#34;..\\AppData\\Roaming\\Python\\Python312\\site-packages\\pytest_asyncio\\plugin.py:733: in pytest_fixture_setup\n    return (yield)\ntests\\conftest.py:48: in output_dir\n    item.unlink()\nC:\\Python312\\Lib\\pathlib.py:1342: in unlink\n    os.unlink(self)\nE   PermissionError: [WinError 32] El proceso no tiene acceso al archivo porque est\u00e1 siendo utilizado por otro proceso: &amp;#x27;C:\\\\Users\\\\pc\\\\autoarendt\\\\tests\\\\output\\\\output.xlsx&amp;#x27;\n\n---------------------------- Captured stdout setup -----------------------------\n[TemplateProcessor] Initialized with template caching enabled\n&#34;}], &#34;tests/test_validators.py::TestVariableSubstitution::test_all_variables_replaced_docx&#34;: [{&#34;extras&#34;: [], &#34;result&#34;: &#34;Error&#34;, &#34;testId&#34;: &#34;tests/test_validators.py::TestVariableSubstitution::test_all_variables_replaced_docx::setup&#34;, &#34;duration&#34;: &#34;3 ms&#34;, &#34;resultsTableRow&#34;: [&#34;&lt;td class=\&#34;col-result\&#34;&gt;Error&lt;/td&gt;&#34;, &#34;&lt;td class=\&#34;col-testId\&#34;&gt;tests/test_validators.py::TestVariableSubstitution::test_all_variables_replaced_docx::setup&lt;/td&gt;&#34;, &#34;&lt;td class=\&#34;col-duration\&#34;&gt;3 ms&lt;/td&gt;&#34;, &#34;&lt;td class=\&#34;col-links\&#34;&gt;&lt;/td&gt;&#34;], &#34;log&#34;: &#34;..\\AppData\\Roaming\\Python\\Python312\\site-packages\\pytest_asyncio\\plugin.py:733: in pytest_fixture_setup\n    return (yield)\ntests\\conftest.py:48: in output_dir\n    item.unlink()\nC:\\Python312\\Lib\\pathlib.py:1342: in unlink\n    os.unlink(self)\nE   PermissionError: [WinError 32] El proceso no tiene acceso al archivo porque est\u00e1 siendo utilizado por otro proceso: &amp;#x27;C:\\\\Users\\\\pc\\\\autoarendt\\\\tests\\\\output\\\\output.xlsx&amp;#x27;\n\n---------------------------- Captured stdout setup -----------------------------\n[TemplateProcessor] Initialized with template caching enabled\n&#34;}], &#34;tests/test_validators.py::TestVariableSubstitution::test_all_variables_replaced_xlsx&#34;: [{&#34;extras&#34;: [], &#34;result&#34;: &#34;Error&#34;, &#34;testId&#34;: &#34;tests/test_validators.py::TestVariableSubstitution::test_all_variables_replaced_xlsx::setup&#34;, &#34;duration&#34;: &#34;3 ms&#34;, &#34;resultsTableRow&#34;: [&#34;&lt;td class=\&#34;col-result\&#34;&gt;Error&lt;/td&gt;&#34;, &#34;&lt;td class=\&#34;col-testId\&#34;&gt;tests/test_validators.py::TestVariableSubstitution::test_all_variables_replaced_xlsx::setup&lt;/td&gt;&#34;, &#34;&lt;td class=\&#34;col-duration\&#34;&gt;3 ms&lt;/td&gt;&#34;, &#34;&lt;td class=\&#34;col-links\&#34;&gt;&lt;/td&gt;&#34;], &#34;log&#34;: &#34;..\\AppData\\Roaming\\Python\\Python312\\site-packages\\pytest_asyncio\\plugin.py:733: in pytest_fixture_setup\n    return (yield)\ntests\\conftest.py:48: in output_dir\n    item.unlink()\nC:\\Python312\\Lib\\pathlib.py:1342: in unlink\n    os.unlink(self)\nE   PermissionError: [WinError 32] El proceso no tiene acceso al archivo porque est\u00e1 siendo utilizado por otro proceso: &amp;#x27;C:\\\\Users\\\\pc\\\\autoarendt\\\\tests\\\\output\\\\output.xlsx&amp;#x27;\n\n---------------------------- Captured stdout setup -----------------------------\n[TemplateProcessor] Initialized with template caching enabled\n&#34;}], &#34;tests/test_validators.py::TestVariableSubstitution::test_partial_substitution&#34;: [{&#34;extras&#34;: [], &#34;result&#34;: &#34;Error&#34;, &#34;testId&#34;: &#34;tests/test_validators.py::TestVariableSubstitution::test_partial_substitution::setup&#34;, &#34;duration&#34;: &#34;3 ms&#34;, &#34;resultsTableRow&#34;: [&#34;&lt;td class=\&#34;col-result\&#34;&gt;Error&lt;/td&gt;&#34;, &#34;&lt;td class=\&#34;col-testId\&#34;&gt;tests/test_validators.py::TestVariableSubstitution::test_partial_substitution::setup&lt;/td&gt;&#34;, &#34;&lt;td class=\&#34;col-duration\&#34;&gt;3 ms&lt;/td&gt;&#34;, &#34;&lt;td class=\&#34;col-links\&#34;&gt;&lt;/td&gt;&#34;], &#34;log&#34;: &#34;..\\AppData\\Roaming\\Python\\Python312\\site-packages\\pytest_asyncio\\plugin.py:733: in pytest_fixture_setup\n    return (yield)\ntests\\conftest.py:48: in output_dir\n    item.unlink()\nC:\\Python312\\Lib\\pathlib.py:1342: in unlink\n    os.unlink(self)\nE   PermissionError: [WinError 32] El proceso no tiene acceso al archivo porque est\u00e1 siendo utilizado por otro proceso: &amp;#x27;C:\\\\Users\\\\pc\\\\autoarendt\\\\tests\\\\output\\\\output.xlsx&amp;#x27;\n\n---------------------------- Captured stdout setup -----------------------------\n[TemplateProcessor] Initialized with template caching enabled\n&#34;}], &#34;tests/test_validators.py::TestExcelAutoAdjust::test_auto_adjust_applied&#34;: [{&#34;extras&#34;: [], &#34;result&#34;: &#34;Error&#34;, &#34;testId&#34;: &#34;tests/test_validators.py::TestExcelAutoAdjust::test_auto_adjust_applied::setup&#34;, &#34;duration&#34;: &#34;5 ms&#34;, &#34;resultsTableRow&#34;: [&#34;&lt;td class=\&#34;col-result\&#34;&gt;Error&lt;/td&gt;&#34;, &#34;&lt;td class=\&#34;col-testId\&#34;&gt;tests/test_validators.py::TestExcelAutoAdjust::test_auto_adjust_applied::setup&lt;/td&gt;&#34;, &#34;&lt;td class=\&#34;col-duration\&#34;&gt;5 ms&lt;/td&gt;&#34;, &#34;&lt;td class=\&#34;col-links\&#34;&gt;&lt;/td&gt;&#34;], &#34;log&#34;: &#34;..\\AppData\\Roaming\\Python\\Python312\\site-packages\\pytest_asyncio\\plugin.py:733: in pytest_fixture_setup\n    return (yield)\ntests\\conftest.py:48: in output_dir\n    item.unlink()\nC:\\Python312\\Lib\\pathlib.py:1342: in unlink\n    os.unlink(self)\nE   PermissionError: [WinError 32] El proceso no tiene acceso al archivo porque est\u00e1 siendo utilizado por otro proceso: &amp;#x27;C:\\\\Users\\\\pc\\\\autoarendt\\\\tests\\\\output\\\\output.xlsx&amp;#x27;\n\n---------------------------- Captured stdout setup -----------------------------\n[TemplateProcessor] Initialized with template caching enabled\n&#34;}], &#34;tests/test_validators.py::TestExcelAutoAdjust::test_auto_adjust_range_only&#34;: [{&#34;extras&#34;: [], &#34;result&#34;: &#34;Error&#34;, &#34;testId&#34;: &#34;tests/test_validators.py::TestExcelAutoAdjust::test_auto_adjust_range_only::setup&#34;, &#34;duration&#34;: &#34;4 ms&#34;, &#34;resultsTableRow&#34;: [&#34;&lt;td class=\&#34;col-result\&#34;&gt;Error&lt;/td&gt;&#34;, &#34;&lt;td class=\&#34;col-testId\&#34;&gt;tests/test_validators.py::TestExcelAutoAdjust::test_auto_adjust_range_only::setup&lt;/td&gt;&#34;, &#34;&lt;td class=\&#34;col-duration\&#34;&gt;4 ms&lt;/td&gt;&#34;, &#34;&lt;td class=\&#34;col-links\&#34;&gt;&lt;/td&gt;&#34;], &#34;log&#34;: &#34;..\\AppData\\Roaming\\Python\\Python312\\site-packages\\pytest_asyncio\\plugin.py:733: in pytest_fixture_setup\n    return (yield)\ntests\\conftest.py:48: in output_dir\n    item.unlink()\nC:\\Python312\\Lib\\pathlib.py:1342: in unlink\n    os.unlink(self)\nE   PermissionError: [WinError 32] El proceso no tiene acceso al archivo porque est\u00e1 siendo utilizado por otro proceso: &amp;#x27;C:\\\\Users\\\\pc\\\\autoarendt\\\\tests\\\\output\\\\output.xlsx&amp;#x27;\n\n---------------------------- Captured stdout setup -----------------------------\n[TemplateProcessor] Initialized with template caching enabled\n&#34;}], &#34;tests/test_validators.py::TestZipArchives::test_zip_contains_all_files&#34;: [{&#34;extras&#34;: [], &#34;result&#34;: &#34;Error&#34;, &#34;testId&#34;: &#34;tests/test_validators.py::TestZipArchives::test_zip_contains_all_files::setup&#34;, &#34;duration&#34;: &#34;9 ms&#34;, &#34;resultsTableRow&#34;: [&#34;&lt;td class=\&#34;col-result\&#34;&gt;Error&lt;/td&gt;&#34;, &#34;&lt;td class=\&#34;col-testId\&#34;&gt;tests/test_validators.py::TestZipArchives::test_zip_contains_all_files::setup&lt;/td&gt;&#34;, &#34;&lt;td class=\&#34;col-duration\&#34;&gt;9 ms&lt;/td&gt;&#34;, &#34;&lt;td class=\&#34;col-links\&#34;&gt;&lt;/td&gt;&#34;], &#34;log&#34;: &#34;..\\AppData\\Roaming\\Python\\Python312\\site-packages\\pytest_asyncio\\plugin.py:733: in pytest_fixture_setup\n    return (yield)\ntests\\conftest.py:48: in output_dir\n    item.unlink()\nC:\\Python312\\Lib\\pathlib.py:1342: in unlink\n    os.unlink(self)\nE   PermissionError: [WinError 32] El proceso no tiene acceso al archivo porque est\u00e1 siendo utilizado por otro proceso: &amp;#x27;C:\\\\Users\\\\pc\\\\autoarendt\\\\tests\\\\output\\\\output.xlsx&amp;#x27;\n\n---------------------------- Captured stdout setup -----------------------------\n[TemplateProcessor] Initialized with template caching enabled\n[FormatConverter] Available methods: MS Office COM (reliable), ReportLab (fast, basic), LibreOffice (optional)\n&#34;}], &#34;tests/test_validators.py::TestZipArchives::test_zip_file_integrity&#34;: [{&#34;extras&#34;: [], &#34;result&#34;: &#34;Error&#34;, &#34;testId&#34;: &#34;tests/test_validators.py::TestZipArchives::test_zip_file_integrity::setup&#34;, &#34;duration&#34;: &#34;16 ms&#34;, &#34;resultsTableRow&#34;: [&#34;&lt;td class=\&#34;col-result\&#34;&gt;Error&lt;/td&gt;&#34;, &#34;&lt;td class=\&#34;col-testId\&#34;&gt;tests/test_validators.py::TestZipArchives::test_zip_file_integrity::setup&lt;/td&gt;&#34;, &#34;&lt;td class=\&#34;col-duration\&#34;&gt;16 ms&lt;/td&gt;&#34;, &#34;&lt;td class=\&#34;col-links\&#34;&gt;&lt;/td&gt;&#34;], &#34;log&#34;: &#34;..\\AppData\\Roaming\\Python\\Python312\\site-packages\\pytest_asyncio\\plugin.py:733: in pytest_fixture_setup\n    return (yield)\ntests\\conftest.py:48: in output_dir\n    item.unlink()\nC:\\Python312\\Lib\\pathlib.py:1342: in unlink\n    os.unlink(self)\nE   PermissionError: [WinError 32] El proceso no tiene acceso al archivo porque est\u00e1 siendo utilizado por otro proceso: &amp;#x27;C:\\\\Users\\\\pc\\\\autoarendt\\\\tests\\\\output\\\\output.xlsx&amp;#x27;\n\n---------------------------- Captured stdout setup -----------------------------\n[TemplateProcessor] Initialized with template caching enabled\n[FormatConverter] Available methods: MS Office COM (reliable), ReportLab (fast, basic), LibreOffice (optional)\n&#34;}]}, &#34;renderCollapsed&#34;: [&#34;passed&#34;], &#34;initialSort&#34;: &#34;result&#34;, &#34;title&#34;: &#34;report_20251211_155537.html&#34;}"></div>
    <script>
      (function(){function r(e,n,t){function o(i,f){if(!n[i]){if(!e[i]){var c="function"==typeof require&&require;if(!f&&c)return c(i,!0);if(u)return u(i,!0);var a=new Error("Cannot find module '"+i+"'");throw a.code="MODULE_NOT_FOUND",a}var p=n[i]={exports:{}};e[i][0].call(p.exports,function(r){var n=e[i][1][r];return o(n||r)},p,p.exports,r,e,n,t)}return n[i].exports}for(var u="function"==typeof require&&require,i=0;i<t.length;i++)o(t[i]);return o}return r})()({1:[function(require,module,exports){
const { getCollapsedCategory, setCollapsedIds } = require('./storage.js')

class DataManager {
    setManager(data) {
        const collapsedCategories = [...getCollapsedCategory(data.renderCollapsed)]
        const collapsedIds = []
        const tests = Object.values(data.tests).flat().map((test, index) => {
            const collapsed = collapsedCategories.includes(test.result.toLowerCase())
            const id = `test_${index}`
            if (collapsed) {
                collapsedIds.push(id)
            }
            return {
                ...test,
                id,
                collapsed,
            }
        })
        const dataBlob = { ...data, tests }
        this.data = { ...dataBlob }
        this.renderData = { ...dataBlob }
        setCollapsedIds(collapsedIds)
    }

    get allData() {
        return { ...this.data }
    }

    resetRender() {
        this.renderData = { ...this.data }
    }

    setRender(data) {
        this.renderData.tests = [...data]
    }

    toggleCollapsedItem(id) {
        this.renderData.tests = this.renderData.tests.map((test) =>
            test.id === id ? { ...test, collapsed: !test.collapsed } : test,
        )
    }

    set allCollapsed(collapsed) {
        this.renderData = { ...this.renderData, tests: [...this.renderData.tests.map((test) => (
            { ...test, collapsed }
        ))] }
    }

    get testSubset() {
        return [...this.renderData.tests]
    }

    get environment() {
        return this.renderData.environment
    }

    get initialSort() {
        return this.data.initialSort
    }
}

module.exports = {
    manager: new DataManager(),
}

},{"./storage.js":8}],2:[function(require,module,exports){
const mediaViewer = require('./mediaviewer.js')
const templateEnvRow = document.getElementById('template_environment_row')
const templateResult = document.getElementById('template_results-table__tbody')

function htmlToElements(html) {
    const temp = document.createElement('template')
    temp.innerHTML = html
    return temp.content.childNodes
}

const find = (selector, elem) => {
    if (!elem) {
        elem = document
    }
    return elem.querySelector(selector)
}

const findAll = (selector, elem) => {
    if (!elem) {
        elem = document
    }
    return [...elem.querySelectorAll(selector)]
}

const dom = {
    getStaticRow: (key, value) => {
        const envRow = templateEnvRow.content.cloneNode(true)
        const isObj = typeof value === 'object' && value !== null
        const values = isObj ? Object.keys(value).map((k) => `${k}: ${value[k]}`) : null

        const valuesElement = htmlToElements(
            values ? `<ul>${values.map((val) => `<li>${val}</li>`).join('')}<ul>` : `<div>${value}</div>`)[0]
        const td = findAll('td', envRow)
        td[0].textContent = key
        td[1].appendChild(valuesElement)

        return envRow
    },
    getResultTBody: ({ testId, id, log, extras, resultsTableRow, tableHtml, result, collapsed }) => {
        const resultBody = templateResult.content.cloneNode(true)
        resultBody.querySelector('tbody').classList.add(result.toLowerCase())
        resultBody.querySelector('tbody').id = testId
        resultBody.querySelector('.collapsible').dataset.id = id

        resultsTableRow.forEach((html) => {
            const t = document.createElement('template')
            t.innerHTML = html
            resultBody.querySelector('.collapsible').appendChild(t.content)
        })

        if (log) {
            // Wrap lines starting with "E" with span.error to color those lines red
            const wrappedLog = log.replace(/^E.*$/gm, (match) => `<span class="error">${match}</span>`)
            resultBody.querySelector('.log').innerHTML = wrappedLog
        } else {
            resultBody.querySelector('.log').remove()
        }

        if (collapsed) {
            resultBody.querySelector('.collapsible > td')?.classList.add('collapsed')
            resultBody.querySelector('.extras-row').classList.add('hidden')
        } else {
            resultBody.querySelector('.collapsible > td')?.classList.remove('collapsed')
        }

        const media = []
        extras?.forEach(({ name, format_type, content }) => {
            if (['image', 'video'].includes(format_type)) {
                media.push({ path: content, name, format_type })
            }

            if (format_type === 'html') {
                resultBody.querySelector('.extraHTML').insertAdjacentHTML('beforeend', `<div>${content}</div>`)
            }
        })
        mediaViewer.setup(resultBody, media)

        // Add custom html from the pytest_html_results_table_html hook
        tableHtml?.forEach((item) => {
            resultBody.querySelector('td[class="extra"]').insertAdjacentHTML('beforeend', item)
        })

        return resultBody
    },
}

module.exports = {
    dom,
    htmlToElements,
    find,
    findAll,
}

},{"./mediaviewer.js":6}],3:[function(require,module,exports){
const { manager } = require('./datamanager.js')
const { doSort } = require('./sort.js')
const storageModule = require('./storage.js')

const getFilteredSubSet = (filter) =>
    manager.allData.tests.filter(({ result }) => filter.includes(result.toLowerCase()))

const doInitFilter = () => {
    const currentFilter = storageModule.getVisible()
    const filteredSubset = getFilteredSubSet(currentFilter)
    manager.setRender(filteredSubset)
}

const doFilter = (type, show) => {
    if (show) {
        storageModule.showCategory(type)
    } else {
        storageModule.hideCategory(type)
    }

    const currentFilter = storageModule.getVisible()
    const filteredSubset = getFilteredSubSet(currentFilter)
    manager.setRender(filteredSubset)

    const sortColumn = storageModule.getSort()
    doSort(sortColumn, true)
}

module.exports = {
    doFilter,
    doInitFilter,
}

},{"./datamanager.js":1,"./sort.js":7,"./storage.js":8}],4:[function(require,module,exports){
const { redraw, bindEvents, renderStatic } = require('./main.js')
const { doInitFilter } = require('./filter.js')
const { doInitSort } = require('./sort.js')
const { manager } = require('./datamanager.js')
const data = JSON.parse(document.getElementById('data-container').dataset.jsonblob)

function init() {
    manager.setManager(data)
    doInitFilter()
    doInitSort()
    renderStatic()
    redraw()
    bindEvents()
}

init()

},{"./datamanager.js":1,"./filter.js":3,"./main.js":5,"./sort.js":7}],5:[function(require,module,exports){
const { dom, find, findAll } = require('./dom.js')
const { manager } = require('./datamanager.js')
const { doSort } = require('./sort.js')
const { doFilter } = require('./filter.js')
const {
    getVisible,
    getCollapsedIds,
    setCollapsedIds,
    getSort,
    getSortDirection,
    possibleFilters,
} = require('./storage.js')

const removeChildren = (node) => {
    while (node.firstChild) {
        node.removeChild(node.firstChild)
    }
}

const renderStatic = () => {
    const renderEnvironmentTable = () => {
        const environment = manager.environment
        const rows = Object.keys(environment).map((key) => dom.getStaticRow(key, environment[key]))
        const table = document.getElementById('environment')
        removeChildren(table)
        rows.forEach((row) => table.appendChild(row))
    }
    renderEnvironmentTable()
}

const addItemToggleListener = (elem) => {
    elem.addEventListener('click', ({ target }) => {
        const id = target.parentElement.dataset.id
        manager.toggleCollapsedItem(id)

        const collapsedIds = getCollapsedIds()
        if (collapsedIds.includes(id)) {
            const updated = collapsedIds.filter((item) => item !== id)
            setCollapsedIds(updated)
        } else {
            collapsedIds.push(id)
            setCollapsedIds(collapsedIds)
        }
        redraw()
    })
}

const renderContent = (tests) => {
    const sortAttr = getSort(manager.initialSort)
    const sortAsc = JSON.parse(getSortDirection())
    const rows = tests.map(dom.getResultTBody)
    const table = document.getElementById('results-table')
    const tableHeader = document.getElementById('results-table-head')

    const newTable = document.createElement('table')
    newTable.id = 'results-table'

    // remove all sorting classes and set the relevant
    findAll('.sortable', tableHeader).forEach((elem) => elem.classList.remove('asc', 'desc'))
    tableHeader.querySelector(`.sortable[data-column-type="${sortAttr}"]`)?.classList.add(sortAsc ? 'desc' : 'asc')
    newTable.appendChild(tableHeader)

    if (!rows.length) {
        const emptyTable = document.getElementById('template_results-table__body--empty').content.cloneNode(true)
        newTable.appendChild(emptyTable)
    } else {
        rows.forEach((row) => {
            if (!!row) {
                findAll('.collapsible td:not(.col-links', row).forEach(addItemToggleListener)
                find('.logexpander', row).addEventListener('click',
                    (evt) => evt.target.parentNode.classList.toggle('expanded'),
                )
                newTable.appendChild(row)
            }
        })
    }

    table.replaceWith(newTable)
}

const renderDerived = () => {
    const currentFilter = getVisible()
    possibleFilters.forEach((result) => {
        const input = document.querySelector(`input[data-test-result="${result}"]`)
        input.checked = currentFilter.includes(result)
    })
}

const bindEvents = () => {
    const filterColumn = (evt) => {
        const { target: element } = evt
        const { testResult } = element.dataset

        doFilter(testResult, element.checked)
        const collapsedIds = getCollapsedIds()
        const updated = manager.renderData.tests.map((test) => {
            return {
                ...test,
                collapsed: collapsedIds.includes(test.id),
            }
        })
        manager.setRender(updated)
        redraw()
    }

    const header = document.getElementById('environment-header')
    header.addEventListener('click', () => {
        const table = document.getElementById('environment')
        table.classList.toggle('hidden')
        header.classList.toggle('collapsed')
    })

    findAll('input[name="filter_checkbox"]').forEach((elem) => {
        elem.addEventListener('click', filterColumn)
    })

    findAll('.sortable').forEach((elem) => {
        elem.addEventListener('click', (evt) => {
            const { target: element } = evt
            const { columnType } = element.dataset
            doSort(columnType)
            redraw()
        })
    })

    document.getElementById('show_all_details').addEventListener('click', () => {
        manager.allCollapsed = false
        setCollapsedIds([])
        redraw()
    })
    document.getElementById('hide_all_details').addEventListener('click', () => {
        manager.allCollapsed = true
        const allIds = manager.renderData.tests.map((test) => test.id)
        setCollapsedIds(allIds)
        redraw()
    })
}

const redraw = () => {
    const { testSubset } = manager

    renderContent(testSubset)
    renderDerived()
}

module.exports = {
    redraw,
    bindEvents,
    renderStatic,
}

},{"./datamanager.js":1,"./dom.js":2,"./filter.js":3,"./sort.js":7,"./storage.js":8}],6:[function(require,module,exports){
class MediaViewer {
    constructor(assets) {
        this.assets = assets
        this.index = 0
    }

    nextActive() {
        this.index = this.index === this.assets.length - 1 ? 0 : this.index + 1
        return [this.activeFile, this.index]
    }

    prevActive() {
        this.index = this.index === 0 ? this.assets.length - 1 : this.index -1
        return [this.activeFile, this.index]
    }

    get currentIndex() {
        return this.index
    }

    get activeFile() {
        return this.assets[this.index]
    }
}


const setup = (resultBody, assets) => {
    if (!assets.length) {
        resultBody.querySelector('.media').classList.add('hidden')
        return
    }

    const mediaViewer = new MediaViewer(assets)
    const container = resultBody.querySelector('.media-container')
    const leftArrow = resultBody.querySelector('.media-container__nav--left')
    const rightArrow = resultBody.querySelector('.media-container__nav--right')
    const mediaName = resultBody.querySelector('.media__name')
    const counter = resultBody.querySelector('.media__counter')
    const imageEl = resultBody.querySelector('img')
    const sourceEl = resultBody.querySelector('source')
    const videoEl = resultBody.querySelector('video')

    const setImg = (media, index) => {
        if (media?.format_type === 'image') {
            imageEl.src = media.path

            imageEl.classList.remove('hidden')
            videoEl.classList.add('hidden')
        } else if (media?.format_type === 'video') {
            sourceEl.src = media.path

            videoEl.classList.remove('hidden')
            imageEl.classList.add('hidden')
        }

        mediaName.innerText = media?.name
        counter.innerText = `${index + 1} / ${assets.length}`
    }
    setImg(mediaViewer.activeFile, mediaViewer.currentIndex)

    const moveLeft = () => {
        const [media, index] = mediaViewer.prevActive()
        setImg(media, index)
    }
    const doRight = () => {
        const [media, index] = mediaViewer.nextActive()
        setImg(media, index)
    }
    const openImg = () => {
        window.open(mediaViewer.activeFile.path, '_blank')
    }
    if (assets.length === 1) {
        container.classList.add('media-container--fullscreen')
    } else {
        leftArrow.addEventListener('click', moveLeft)
        rightArrow.addEventListener('click', doRight)
    }
    imageEl.addEventListener('click', openImg)
}

module.exports = {
    setup,
}

},{}],7:[function(require,module,exports){
const { manager } = require('./datamanager.js')
const storageModule = require('./storage.js')

const genericSort = (list, key, ascending, customOrder) => {
    let sorted
    if (customOrder) {
        sorted = list.sort((a, b) => {
            const aValue = a.result.toLowerCase()
            const bValue = b.result.toLowerCase()

            const aIndex = customOrder.findIndex((item) => item.toLowerCase() === aValue)
            const bIndex = customOrder.findIndex((item) => item.toLowerCase() === bValue)

            // Compare the indices to determine the sort order
            return aIndex - bIndex
        })
    } else {
        sorted = list.sort((a, b) => a[key] === b[key] ? 0 : a[key] > b[key] ? 1 : -1)
    }

    if (ascending) {
        sorted.reverse()
    }
    return sorted
}

const durationSort = (list, ascending) => {
    const parseDuration = (duration) => {
        if (duration.includes(':')) {
            // If it's in the format "HH:mm:ss"
            const [hours, minutes, seconds] = duration.split(':').map(Number)
            return (hours * 3600 + minutes * 60 + seconds) * 1000
        } else {
            // If it's in the format "nnn ms"
            return parseInt(duration)
        }
    }
    const sorted = list.sort((a, b) => parseDuration(a['duration']) - parseDuration(b['duration']))
    if (ascending) {
        sorted.reverse()
    }
    return sorted
}

const doInitSort = () => {
    const type = storageModule.getSort(manager.initialSort)
    const ascending = storageModule.getSortDirection()
    const list = manager.testSubset
    const initialOrder = ['Error', 'Failed', 'Rerun', 'XFailed', 'XPassed', 'Skipped', 'Passed']

    storageModule.setSort(type)
    storageModule.setSortDirection(ascending)

    if (type?.toLowerCase() === 'original') {
        manager.setRender(list)
    } else {
        let sortedList
        switch (type) {
        case 'duration':
            sortedList = durationSort(list, ascending)
            break
        case 'result':
            sortedList = genericSort(list, type, ascending, initialOrder)
            break
        default:
            sortedList = genericSort(list, type, ascending)
            break
        }
        manager.setRender(sortedList)
    }
}

const doSort = (type, skipDirection) => {
    const newSortType = storageModule.getSort(manager.initialSort) !== type
    const currentAsc = storageModule.getSortDirection()
    let ascending
    if (skipDirection) {
        ascending = currentAsc
    } else {
        ascending = newSortType ? false : !currentAsc
    }
    storageModule.setSort(type)
    storageModule.setSortDirection(ascending)

    const list = manager.testSubset
    const sortedList = type === 'duration' ? durationSort(list, ascending) : genericSort(list, type, ascending)
    manager.setRender(sortedList)
}

module.exports = {
    doInitSort,
    doSort,
}

},{"./datamanager.js":1,"./storage.js":8}],8:[function(require,module,exports){
const possibleFilters = [
    'passed',
    'skipped',
    'failed',
    'error',
    'xfailed',
    'xpassed',
    'rerun',
]

const getVisible = () => {
    const url = new URL(window.location.href)
    const settings = new URLSearchParams(url.search).get('visible')
    const lower = (item) => {
        const lowerItem = item.toLowerCase()
        if (possibleFilters.includes(lowerItem)) {
            return lowerItem
        }
        return null
    }
    return settings === null ?
        possibleFilters :
        [...new Set(settings?.split(',').map(lower).filter((item) => item))]
}

const hideCategory = (categoryToHide) => {
    const url = new URL(window.location.href)
    const visibleParams = new URLSearchParams(url.search).get('visible')
    const currentVisible = visibleParams ? visibleParams.split(',') : [...possibleFilters]
    const settings = [...new Set(currentVisible)].filter((f) => f !== categoryToHide).join(',')

    url.searchParams.set('visible', settings)
    window.history.pushState({}, null, unescape(url.href))
}

const showCategory = (categoryToShow) => {
    if (typeof window === 'undefined') {
        return
    }
    const url = new URL(window.location.href)
    const currentVisible = new URLSearchParams(url.search).get('visible')?.split(',').filter(Boolean) ||
        [...possibleFilters]
    const settings = [...new Set([categoryToShow, ...currentVisible])]
    const noFilter = possibleFilters.length === settings.length || !settings.length

    noFilter ? url.searchParams.delete('visible') : url.searchParams.set('visible', settings.join(','))
    window.history.pushState({}, null, unescape(url.href))
}

const getSort = (initialSort) => {
    const url = new URL(window.location.href)
    let sort = new URLSearchParams(url.search).get('sort')
    if (!sort) {
        sort = initialSort || 'result'
    }
    return sort
}

const setSort = (type) => {
    const url = new URL(window.location.href)
    url.searchParams.set('sort', type)
    window.history.pushState({}, null, unescape(url.href))
}

const getCollapsedCategory = (renderCollapsed) => {
    let categories
    if (typeof window !== 'undefined') {
        const url = new URL(window.location.href)
        const collapsedItems = new URLSearchParams(url.search).get('collapsed')
        switch (true) {
        case !renderCollapsed && collapsedItems === null:
            categories = ['passed']
            break
        case collapsedItems?.length === 0 || /^["']{2}$/.test(collapsedItems):
            categories = []
            break
        case /^all$/.test(collapsedItems) || collapsedItems === null && /^all$/.test(renderCollapsed):
            categories = [...possibleFilters]
            break
        default:
            categories = collapsedItems?.split(',').map((item) => item.toLowerCase()) || renderCollapsed
            break
        }
    } else {
        categories = []
    }
    return categories
}

const getSortDirection = () => JSON.parse(sessionStorage.getItem('sortAsc')) || false
const setSortDirection = (ascending) => sessionStorage.setItem('sortAsc', ascending)

const getCollapsedIds = () => JSON.parse(sessionStorage.getItem('collapsedIds')) || []
const setCollapsedIds = (list) => sessionStorage.setItem('collapsedIds', JSON.stringify(list))

module.exports = {
    getVisible,
    hideCategory,
    showCategory,
    getCollapsedIds,
    setCollapsedIds,
    getSort,
    setSort,
    getSortDirection,
    setSortDirection,
    getCollapsedCategory,
    possibleFilters,
}

},{}]},{},[4]);
    </script>
  </footer>
</html>